<?xml version="1.0" encoding="UTF-8"?>
<testsuite name="microservices.book.SocialMultiplicationApplicationTests" time="0.025" tests="1" errors="1" skipped="0" failures="0">
  <properties>
[...]
</properties>
  <testcase name="contextLoads" classname="microservices.book.SocialMultiplicationApplicationTests" time="0.025">
    <error message="Failed to load ApplicationContext" type="java.lang.IllegalStateException">java.lang.IllegalStateException: Failed to load ApplicationContext
	at org.springframework.test.context.cache.DefaultCacheAwareContextLoaderDelegate.loadContext(DefaultCacheAwareContextLoaderDelegate.java:124)
	at org.springframework.test.context.support.DefaultTestContext.getApplicationContext(DefaultTestContext.java:83)
	at org.springframework.test.context.web.ServletTestExecutionListener.setUpRequestContextIfNecessary(ServletTestExecutionListener.java:189)
	at org.springframework.test.context.web.ServletTestExecutionListener.prepareTestInstance(ServletTestExecutionListener.java:131)
	at org.springframework.test.context.TestContextManager.prepareTestInstance(TestContextManager.java:230)
	at org.springframework.test.context.junit4.SpringJUnit4ClassRunner.createTest(SpringJUnit4ClassRunner.java:228)
	at org.springframework.test.context.junit4.SpringJUnit4ClassRunner$1.runReflectiveCall(SpringJUnit4ClassRunner.java:287)
	at org.junit.internal.runners.model.ReflectiveCallable.run(ReflectiveCallable.java:12)
	at org.springframework.test.context.junit4.SpringJUnit4ClassRunner.methodBlock(SpringJUnit4ClassRunner.java:289)
	at org.springframework.test.context.junit4.SpringJUnit4ClassRunner.runChild(SpringJUnit4ClassRunner.java:247)
	at org.springframework.test.context.junit4.SpringJUnit4ClassRunner.runChild(SpringJUnit4ClassRunner.java:94)
	at org.junit.runners.ParentRunner$3.run(ParentRunner.java:290)
	at org.junit.runners.ParentRunner$1.schedule(ParentRunner.java:71)
	at org.junit.runners.ParentRunner.runChildren(ParentRunner.java:288)
	at org.junit.runners.ParentRunner.access$000(ParentRunner.java:58)
	at org.junit.runners.ParentRunner$2.evaluate(ParentRunner.java:268)
	at org.springframework.test.context.junit4.statements.RunBeforeTestClassCallbacks.evaluate(RunBeforeTestClassCallbacks.java:61)
	at org.springframework.test.context.junit4.statements.RunAfterTestClassCallbacks.evaluate(RunAfterTestClassCallbacks.java:70)
	at org.junit.runners.ParentRunner.run(ParentRunner.java:363)
	at org.springframework.test.context.junit4.SpringJUnit4ClassRunner.run(SpringJUnit4ClassRunner.java:191)
	at org.apache.maven.surefire.junit4.JUnit4Provider.execute(JUnit4Provider.java:283)
	at org.apache.maven.surefire.junit4.JUnit4Provider.executeWithRerun(JUnit4Provider.java:173)
	at org.apache.maven.surefire.junit4.JUnit4Provider.executeTestSet(JUnit4Provider.java:153)
	at org.apache.maven.surefire.junit4.JUnit4Provider.invoke(JUnit4Provider.java:128)
	at org.apache.maven.surefire.booter.ForkedBooter.invokeProviderInSameClassLoader(ForkedBooter.java:203)
	at org.apache.maven.surefire.booter.ForkedBooter.runSuitesInProcess(ForkedBooter.java:155)
	at org.apache.maven.surefire.booter.ForkedBooter.main(ForkedBooter.java:103)
Caused by: org.springframework.beans.factory.UnsatisfiedDependencyException: Error creating bean with name 'multiplicationServiceImpl' defined in file [/Users/jihoonyang/IdeaProjects/microservice/target/classes/microservices/book/multiplication/service/MultiplicationServiceImpl.class]: Unsatisfied dependency expressed through constructor parameter 0; nested exception is org.springframework.beans.factory.NoSuchBeanDefinitionException: No qualifying bean of type 'microservices.book.multiplication.service.RandomGeneratorService' available: expected at least 1 bean which qualifies as autowire candidate. Dependency annotations: {}
	at org.springframework.beans.factory.support.ConstructorResolver.createArgumentArray(ConstructorResolver.java:749)
	at org.springframework.beans.factory.support.ConstructorResolver.autowireConstructor(ConstructorResolver.java:189)
	at org.springframework.beans.factory.support.AbstractAutowireCapableBeanFactory.autowireConstructor(AbstractAutowireCapableBeanFactory.java:1198)
	at org.springframework.beans.factory.support.AbstractAutowireCapableBeanFactory.createBeanInstance(AbstractAutowireCapableBeanFactory.java:1100)
	at org.springframework.beans.factory.support.AbstractAutowireCapableBeanFactory.doCreateBean(AbstractAutowireCapableBeanFactory.java:511)
	at org.springframework.beans.factory.support.AbstractAutowireCapableBeanFactory.createBean(AbstractAutowireCapableBeanFactory.java:481)
	at org.springframework.beans.factory.support.AbstractBeanFactory$1.getObject(AbstractBeanFactory.java:312)
	at org.springframework.beans.factory.support.DefaultSingletonBeanRegistry.getSingleton(DefaultSingletonBeanRegistry.java:230)
	at org.springframework.beans.factory.support.AbstractBeanFactory.doGetBean(AbstractBeanFactory.java:308)
	at org.springframework.beans.factory.support.AbstractBeanFactory.getBean(AbstractBeanFactory.java:197)
	at org.springframework.beans.factory.support.DefaultListableBeanFactory.preInstantiateSingletons(DefaultListableBeanFactory.java:761)
	at org.springframework.context.support.AbstractApplicationContext.finishBeanFactoryInitialization(AbstractApplicationContext.java:867)
	at org.springframework.context.support.AbstractApplicationContext.refresh(AbstractApplicationContext.java:543)
	at org.springframework.boot.SpringApplication.refresh(SpringApplication.java:693)
	at org.springframework.boot.SpringApplication.refreshContext(SpringApplication.java:360)
	at org.springframework.boot.SpringApplication.run(SpringApplication.java:303)
	at org.springframework.boot.test.context.SpringBootContextLoader.loadContext(SpringBootContextLoader.java:121)
	at org.springframework.test.context.cache.DefaultCacheAwareContextLoaderDelegate.loadContextInternal(DefaultCacheAwareContextLoaderDelegate.java:98)
	at org.springframework.test.context.cache.DefaultCacheAwareContextLoaderDelegate.loadContext(DefaultCacheAwareContextLoaderDelegate.java:116)
	at org.springframework.test.context.support.DefaultTestContext.getApplicationContext(DefaultTestContext.java:83)
	at org.springframework.test.context.web.ServletTestExecutionListener.setUpRequestContextIfNecessary(ServletTestExecutionListener.java:189)
	at org.springframework.test.context.web.ServletTestExecutionListener.prepareTestInstance(ServletTestExecutionListener.java:131)
	at org.springframework.test.context.TestContextManager.prepareTestInstance(TestContextManager.java:230)
	at org.springframework.test.context.junit4.SpringJUnit4ClassRunner.createTest(SpringJUnit4ClassRunner.java:228)
	at org.springframework.test.context.junit4.SpringJUnit4ClassRunner$1.runReflectiveCall(SpringJUnit4ClassRunner.java:287)
	at org.junit.internal.runners.model.ReflectiveCallable.run(ReflectiveCallable.java:12)
	at org.springframework.test.context.junit4.SpringJUnit4ClassRunner.methodBlock(SpringJUnit4ClassRunner.java:289)
	at org.springframework.test.context.junit4.SpringJUnit4ClassRunner.runChild(SpringJUnit4ClassRunner.java:247)
	at org.springframework.test.context.junit4.SpringJUnit4ClassRunner.runChild(SpringJUnit4ClassRunner.java:94)
	at org.junit.runners.ParentRunner$3.run(ParentRunner.java:290)
	at org.junit.runners.ParentRunner$1.schedule(ParentRunner.java:71)
	at org.junit.runners.ParentRunner.runChildren(ParentRunner.java:288)
	at org.junit.runners.ParentRunner.access$000(ParentRunner.java:58)
	at org.junit.runners.ParentRunner$2.evaluate(ParentRunner.java:268)
	at org.springframework.test.context.junit4.statements.RunBeforeTestClassCallbacks.evaluate(RunBeforeTestClassCallbacks.java:61)
	at org.springframework.test.context.junit4.statements.RunAfterTestClassCallbacks.evaluate(RunAfterTestClassCallbacks.java:70)
	at org.junit.runners.ParentRunner.run(ParentRunner.java:363)
	at org.springframework.test.context.junit4.SpringJUnit4ClassRunner.run(SpringJUnit4ClassRunner.java:191)
	at org.apache.maven.surefire.junit4.JUnit4Provider.execute(JUnit4Provider.java:283)
	at org.apache.maven.surefire.junit4.JUnit4Provider.executeWithRerun(JUnit4Provider.java:173)
	at org.apache.maven.surefire.junit4.JUnit4Provider.executeTestSet(JUnit4Provider.java:153)
	at org.apache.maven.surefire.junit4.JUnit4Provider.invoke(JUnit4Provider.java:128)
	at org.apache.maven.surefire.booter.ForkedBooter.invokeProviderInSameClassLoader(ForkedBooter.java:203)
	at org.apache.maven.surefire.booter.ForkedBooter.runSuitesInProcess(ForkedBooter.java:155)
	at org.apache.maven.surefire.booter.ForkedBooter.main(ForkedBooter.java:103)
Caused by: org.springframework.beans.factory.NoSuchBeanDefinitionException: No qualifying bean of type 'microservices.book.multiplication.service.RandomGeneratorService' available: expected at least 1 bean which qualifies as autowire candidate. Dependency annotations: {}
	at org.springframework.beans.factory.support.DefaultListableBeanFactory.raiseNoMatchingBeanFound(DefaultListableBeanFactory.java:1491)
	at org.springframework.beans.factory.support.DefaultListableBeanFactory.doResolveDependency(DefaultListableBeanFactory.java:1102)
	at org.springframework.beans.factory.support.DefaultListableBeanFactory.resolveDependency(DefaultListableBeanFactory.java:1064)
	at org.springframework.beans.factory.support.ConstructorResolver.resolveAutowiredArgument(ConstructorResolver.java:835)
	at org.springframework.beans.factory.support.ConstructorResolver.createArgumentArray(ConstructorResolver.java:741)
	at org.springframework.beans.factory.support.ConstructorResolver.autowireConstructor(ConstructorResolver.java:189)
	at org.springframework.beans.factory.support.AbstractAutowireCapableBeanFactory.autowireConstructor(AbstractAutowireCapableBeanFactory.java:1198)
	at org.springframework.beans.factory.support.AbstractAutowireCapableBeanFactory.createBeanInstance(AbstractAutowireCapableBeanFactory.java:1100)
	at org.springframework.beans.factory.support.AbstractAutowireCapableBeanFactory.doCreateBean(AbstractAutowireCapableBeanFactory.java:511)
	at org.springframework.beans.factory.support.AbstractAutowireCapableBeanFactory.createBean(AbstractAutowireCapableBeanFactory.java:481)
	at org.springframework.beans.factory.support.AbstractBeanFactory$1.getObject(AbstractBeanFactory.java:312)
	at org.springframework.beans.factory.support.DefaultSingletonBeanRegistry.getSingleton(DefaultSingletonBeanRegistry.java:230)
	at org.springframework.beans.factory.support.AbstractBeanFactory.doGetBean(AbstractBeanFactory.java:308)
	at org.springframework.beans.factory.support.AbstractBeanFactory.getBean(AbstractBeanFactory.java:197)
	at org.springframework.beans.factory.support.DefaultListableBeanFactory.preInstantiateSingletons(DefaultListableBeanFactory.java:761)
	at org.springframework.context.support.AbstractApplicationContext.finishBeanFactoryInitialization(AbstractApplicationContext.java:867)
	at org.springframework.context.support.AbstractApplicationContext.refresh(AbstractApplicationContext.java:543)
	at org.springframework.boot.SpringApplication.refresh(SpringApplication.java:693)
	at org.springframework.boot.SpringApplication.refreshContext(SpringApplication.java:360)
	at org.springframework.boot.SpringApplication.run(SpringApplication.java:303)
	at org.springframework.boot.test.context.SpringBootContextLoader.loadContext(SpringBootContextLoader.java:121)
	at org.springframework.test.context.cache.DefaultCacheAwareContextLoaderDelegate.loadContextInternal(DefaultCacheAwareContextLoaderDelegate.java:98)
	at org.springframework.test.context.cache.DefaultCacheAwareContextLoaderDelegate.loadContext(DefaultCacheAwareContextLoaderDelegate.java:116)
	at org.springframework.test.context.support.DefaultTestContext.getApplicationContext(DefaultTestContext.java:83)
	at org.springframework.test.context.web.ServletTestExecutionListener.setUpRequestContextIfNecessary(ServletTestExecutionListener.java:189)
	at org.springframework.test.context.web.ServletTestExecutionListener.prepareTestInstance(ServletTestExecutionListener.java:131)
	at org.springframework.test.context.TestContextManager.prepareTestInstance(TestContextManager.java:230)
	at org.springframework.test.context.junit4.SpringJUnit4ClassRunner.createTest(SpringJUnit4ClassRunner.java:228)
	at org.springframework.test.context.junit4.SpringJUnit4ClassRunner$1.runReflectiveCall(SpringJUnit4ClassRunner.java:287)
	at org.junit.internal.runners.model.ReflectiveCallable.run(ReflectiveCallable.java:12)
	at org.springframework.test.context.junit4.SpringJUnit4ClassRunner.methodBlock(SpringJUnit4ClassRunner.java:289)
	at org.springframework.test.context.junit4.SpringJUnit4ClassRunner.runChild(SpringJUnit4ClassRunner.java:247)
	at org.springframework.test.context.junit4.SpringJUnit4ClassRunner.runChild(SpringJUnit4ClassRunner.java:94)
	at org.junit.runners.ParentRunner$3.run(ParentRunner.java:290)
	at org.junit.runners.ParentRunner$1.schedule(ParentRunner.java:71)
	at org.junit.runners.ParentRunner.runChildren(ParentRunner.java:288)
	at org.junit.runners.ParentRunner.access$000(ParentRunner.java:58)
	at org.junit.runners.ParentRunner$2.evaluate(ParentRunner.java:268)
	at org.springframework.test.context.junit4.statements.RunBeforeTestClassCallbacks.evaluate(RunBeforeTestClassCallbacks.java:61)
	at org.springframework.test.context.junit4.statements.RunAfterTestClassCallbacks.evaluate(RunAfterTestClassCallbacks.java:70)
	at org.junit.runners.ParentRunner.run(ParentRunner.java:363)
	at org.springframework.test.context.junit4.SpringJUnit4ClassRunner.run(SpringJUnit4ClassRunner.java:191)
	at org.apache.maven.surefire.junit4.JUnit4Provider.execute(JUnit4Provider.java:283)
	at org.apache.maven.surefire.junit4.JUnit4Provider.executeWithRerun(JUnit4Provider.java:173)
	at org.apache.maven.surefire.junit4.JUnit4Provider.executeTestSet(JUnit4Provider.java:153)
	at org.apache.maven.surefire.junit4.JUnit4Provider.invoke(JUnit4Provider.java:128)
	at org.apache.maven.surefire.booter.ForkedBooter.invokeProviderInSameClassLoader(ForkedBooter.java:203)
	at org.apache.maven.surefire.booter.ForkedBooter.runSuitesInProcess(ForkedBooter.java:155)
	at org.apache.maven.surefire.booter.ForkedBooter.main(ForkedBooter.java:103)
</error>
    <system-out><![CDATA[10:45:20.501 [main] DEBUG org.springframework.test.context.junit4.SpringJUnit4ClassRunner - SpringJUnit4ClassRunner constructor called with [class microservices.book.SocialMultiplicationApplicationTests]
10:45:20.536 [main] DEBUG org.springframework.test.context.BootstrapUtils - Instantiating CacheAwareContextLoaderDelegate from class [org.springframework.test.context.cache.DefaultCacheAwareContextLoaderDelegate]
10:45:20.588 [main] DEBUG org.springframework.test.context.BootstrapUtils - Instantiating BootstrapContext using constructor [public org.springframework.test.context.support.DefaultBootstrapContext(java.lang.Class,org.springframework.test.context.CacheAwareContextLoaderDelegate)]
10:45:20.637 [main] DEBUG org.springframework.test.context.BootstrapUtils - Instantiating TestContextBootstrapper for test class [microservices.book.SocialMultiplicationApplicationTests] from class [org.springframework.boot.test.context.SpringBootTestContextBootstrapper]
10:45:20.660 [main] INFO org.springframework.boot.test.context.SpringBootTestContextBootstrapper - Neither @ContextConfiguration nor @ContextHierarchy found for test class [microservices.book.SocialMultiplicationApplicationTests], using SpringBootContextLoader
10:45:20.666 [main] DEBUG org.springframework.test.context.support.AbstractContextLoader - Did not detect default resource location for test class [microservices.book.SocialMultiplicationApplicationTests]: class path resource [microservices/book/SocialMultiplicationApplicationTests-context.xml] does not exist
10:45:20.668 [main] DEBUG org.springframework.test.context.support.AbstractContextLoader - Did not detect default resource location for test class [microservices.book.SocialMultiplicationApplicationTests]: class path resource [microservices/book/SocialMultiplicationApplicationTestsContext.groovy] does not exist
10:45:20.668 [main] INFO org.springframework.test.context.support.AbstractContextLoader - Could not detect default resource locations for test class [microservices.book.SocialMultiplicationApplicationTests]: no resource found for suffixes {-context.xml, Context.groovy}.
10:45:20.670 [main] INFO org.springframework.test.context.support.AnnotationConfigContextLoaderUtils - Could not detect default configuration classes for test class [microservices.book.SocialMultiplicationApplicationTests]: SocialMultiplicationApplicationTests does not declare any static, non-private, non-final, nested classes annotated with @Configuration.
10:45:20.734 [main] DEBUG org.springframework.test.context.support.ActiveProfilesUtils - Could not find an 'annotation declaring class' for annotation type [org.springframework.test.context.ActiveProfiles] and class [microservices.book.SocialMultiplicationApplicationTests]
10:45:20.779 [main] DEBUG org.springframework.core.env.StandardEnvironment - Adding PropertySource 'systemProperties' with lowest search precedence
10:45:20.788 [main] DEBUG org.springframework.core.env.StandardEnvironment - Adding PropertySource 'systemEnvironment' with lowest search precedence
10:45:20.791 [main] DEBUG org.springframework.core.env.StandardEnvironment - Initialized StandardEnvironment with PropertySources [MapPropertySource@817406040 {name='systemProperties', properties={java.runtime.name=Java(TM) SE Runtime Environment, sun.boot.library.path=/Library/Java/JavaVirtualMachines/jdk1.8.0_131.jdk/Contents/Home/jre/lib, java.vm.version=25.131-b11, gopherProxySet=false, java.vm.vendor=Oracle Corporation, java.vendor.url=http://java.oracle.com/, path.separator=:, java.vm.name=Java HotSpot(TM) 64-Bit Server VM, file.encoding.pkg=sun.io, user.country=KR, sun.java.launcher=SUN_STANDARD, sun.os.patch.level=unknown, java.vm.specification.name=Java Virtual Machine Specification, user.dir=/Users/jihoonyang/IdeaProjects/microservice, java.runtime.version=1.8.0_131-b11, basedir=/Users/jihoonyang/IdeaProjects/microservice, java.awt.graphicsenv=sun.awt.CGraphicsEnvironment, java.endorsed.dirs=/Library/Java/JavaVirtualMachines/jdk1.8.0_131.jdk/Contents/Home/jre/lib/endorsed, os.arch=x86_64, surefire.real.class.path=/Users/jihoonyang/IdeaProjects/microservice/target/surefire/surefirebooter1053366089389068871.jar, java.io.tmpdir=/var/folders/0_/vg0pzzx55tbf6347tns30l8r0000gn/T/, line.separator=
, java.vm.specification.vendor=Oracle Corporation, os.name=Mac OS X, sun.jnu.encoding=UTF-8, java.library.path=/Users/jihoonyang/Library/Java/Extensions:/Library/Java/Extensions:/Network/Library/Java/Extensions:/System/Library/Java/Extensions:/usr/lib/java:., surefire.test.class.path=/Users/jihoonyang/IdeaProjects/microservice/target/test-classes:/Users/jihoonyang/IdeaProjects/microservice/target/classes:/Users/jihoonyang/.m2/repository/org/springframework/boot/spring-boot-starter-web/1.5.18.RELEASE/spring-boot-starter-web-1.5.18.RELEASE.jar:/Users/jihoonyang/.m2/repository/org/springframework/boot/spring-boot-starter/1.5.18.RELEASE/spring-boot-starter-1.5.18.RELEASE.jar:/Users/jihoonyang/.m2/repository/org/springframework/boot/spring-boot/1.5.18.RELEASE/spring-boot-1.5.18.RELEASE.jar:/Users/jihoonyang/.m2/repository/org/springframework/boot/spring-boot-autoconfigure/1.5.18.RELEASE/spring-boot-autoconfigure-1.5.18.RELEASE.jar:/Users/jihoonyang/.m2/repository/org/springframework/boot/spring-boot-starter-logging/1.5.18.RELEASE/spring-boot-starter-logging-1.5.18.RELEASE.jar:/Users/jihoonyang/.m2/repository/ch/qos/logback/logback-classic/1.1.11/logback-classic-1.1.11.jar:/Users/jihoonyang/.m2/repository/ch/qos/logback/logback-core/1.1.11/logback-core-1.1.11.jar:/Users/jihoonyang/.m2/repository/org/slf4j/jcl-over-slf4j/1.7.25/jcl-over-slf4j-1.7.25.jar:/Users/jihoonyang/.m2/repository/org/slf4j/jul-to-slf4j/1.7.25/jul-to-slf4j-1.7.25.jar:/Users/jihoonyang/.m2/repository/org/slf4j/log4j-over-slf4j/1.7.25/log4j-over-slf4j-1.7.25.jar:/Users/jihoonyang/.m2/repository/org/yaml/snakeyaml/1.17/snakeyaml-1.17.jar:/Users/jihoonyang/.m2/repository/org/springframework/boot/spring-boot-starter-tomcat/1.5.18.RELEASE/spring-boot-starter-tomcat-1.5.18.RELEASE.jar:/Users/jihoonyang/.m2/repository/org/apache/tomcat/embed/tomcat-embed-core/8.5.35/tomcat-embed-core-8.5.35.jar:/Users/jihoonyang/.m2/repository/org/apache/tomcat/tomcat-annotations-api/8.5.35/tomcat-annotations-api-8.5.35.jar:/Users/jihoonyang/.m2/repository/org/apache/tomcat/embed/tomcat-embed-el/8.5.35/tomcat-embed-el-8.5.35.jar:/Users/jihoonyang/.m2/repository/org/apache/tomcat/embed/tomcat-embed-websocket/8.5.35/tomcat-embed-websocket-8.5.35.jar:/Users/jihoonyang/.m2/repository/org/hibernate/hibernate-validator/5.3.6.Final/hibernate-validator-5.3.6.Final.jar:/Users/jihoonyang/.m2/repository/javax/validation/validation-api/1.1.0.Final/validation-api-1.1.0.Final.jar:/Users/jihoonyang/.m2/repository/org/jboss/logging/jboss-logging/3.3.2.Final/jboss-logging-3.3.2.Final.jar:/Users/jihoonyang/.m2/repository/com/fasterxml/classmate/1.3.4/classmate-1.3.4.jar:/Users/jihoonyang/.m2/repository/com/fasterxml/jackson/core/jackson-databind/2.8.11.3/jackson-databind-2.8.11.3.jar:/Users/jihoonyang/.m2/repository/com/fasterxml/jackson/core/jackson-annotations/2.8.0/jackson-annotations-2.8.0.jar:/Users/jihoonyang/.m2/repository/com/fasterxml/jackson/core/jackson-core/2.8.11/jackson-core-2.8.11.jar:/Users/jihoonyang/.m2/repository/org/springframework/spring-web/4.3.21.RELEASE/spring-web-4.3.21.RELEASE.jar:/Users/jihoonyang/.m2/repository/org/springframework/spring-aop/4.3.21.RELEASE/spring-aop-4.3.21.RELEASE.jar:/Users/jihoonyang/.m2/repository/org/springframework/spring-beans/4.3.21.RELEASE/spring-beans-4.3.21.RELEASE.jar:/Users/jihoonyang/.m2/repository/org/springframework/spring-context/4.3.21.RELEASE/spring-context-4.3.21.RELEASE.jar:/Users/jihoonyang/.m2/repository/org/springframework/spring-webmvc/4.3.21.RELEASE/spring-webmvc-4.3.21.RELEASE.jar:/Users/jihoonyang/.m2/repository/org/springframework/spring-expression/4.3.21.RELEASE/spring-expression-4.3.21.RELEASE.jar:/Users/jihoonyang/.m2/repository/org/springframework/boot/spring-boot-starter-test/1.5.18.RELEASE/spring-boot-starter-test-1.5.18.RELEASE.jar:/Users/jihoonyang/.m2/repository/org/springframework/boot/spring-boot-test/1.5.18.RELEASE/spring-boot-test-1.5.18.RELEASE.jar:/Users/jihoonyang/.m2/repository/org/springframework/boot/spring-boot-test-autoconfigure/1.5.18.RELEASE/spring-boot-test-autoconfigure-1.5.18.RELEASE.jar:/Users/jihoonyang/.m2/repository/com/jayway/jsonpath/json-path/2.2.0/json-path-2.2.0.jar:/Users/jihoonyang/.m2/repository/net/minidev/json-smart/2.2.1/json-smart-2.2.1.jar:/Users/jihoonyang/.m2/repository/net/minidev/accessors-smart/1.1/accessors-smart-1.1.jar:/Users/jihoonyang/.m2/repository/org/ow2/asm/asm/5.0.3/asm-5.0.3.jar:/Users/jihoonyang/.m2/repository/org/slf4j/slf4j-api/1.7.25/slf4j-api-1.7.25.jar:/Users/jihoonyang/.m2/repository/junit/junit/4.12/junit-4.12.jar:/Users/jihoonyang/.m2/repository/org/assertj/assertj-core/2.6.0/assertj-core-2.6.0.jar:/Users/jihoonyang/.m2/repository/org/mockito/mockito-core/1.10.19/mockito-core-1.10.19.jar:/Users/jihoonyang/.m2/repository/org/objenesis/objenesis/2.1/objenesis-2.1.jar:/Users/jihoonyang/.m2/repository/org/hamcrest/hamcrest-core/1.3/hamcrest-core-1.3.jar:/Users/jihoonyang/.m2/repository/org/hamcrest/hamcrest-library/1.3/hamcrest-library-1.3.jar:/Users/jihoonyang/.m2/repository/org/skyscreamer/jsonassert/1.4.0/jsonassert-1.4.0.jar:/Users/jihoonyang/.m2/repository/com/vaadin/external/google/android-json/0.0.20131108.vaadin1/android-json-0.0.20131108.vaadin1.jar:/Users/jihoonyang/.m2/repository/org/springframework/spring-core/4.3.21.RELEASE/spring-core-4.3.21.RELEASE.jar:/Users/jihoonyang/.m2/repository/org/springframework/spring-test/4.3.21.RELEASE/spring-test-4.3.21.RELEASE.jar:/Users/jihoonyang/.m2/repository/org/projectlombok/lombok/1.16.22/lombok-1.16.22.jar:, java.specification.name=Java Platform API Specification, java.class.version=52.0, sun.management.compiler=HotSpot 64-Bit Tiered Compilers, idea.version2019.3.4=true, os.version=10.15.4, http.nonProxyHosts=local|*.local|169.254/16|*.169.254/16|127.0.0.1:16105|*.127.0.0.1:16105, user.home=/Users/jihoonyang, user.timezone=Asia/Seoul, java.awt.printerjob=sun.lwawt.macosx.CPrinterJob, file.encoding=UTF-8, java.specification.version=1.8, java.class.path=/Users/jihoonyang/IdeaProjects/microservice/target/test-classes:/Users/jihoonyang/IdeaProjects/microservice/target/classes:/Users/jihoonyang/.m2/repository/org/springframework/boot/spring-boot-starter-web/1.5.18.RELEASE/spring-boot-starter-web-1.5.18.RELEASE.jar:/Users/jihoonyang/.m2/repository/org/springframework/boot/spring-boot-starter/1.5.18.RELEASE/spring-boot-starter-1.5.18.RELEASE.jar:/Users/jihoonyang/.m2/repository/org/springframework/boot/spring-boot/1.5.18.RELEASE/spring-boot-1.5.18.RELEASE.jar:/Users/jihoonyang/.m2/repository/org/springframework/boot/spring-boot-autoconfigure/1.5.18.RELEASE/spring-boot-autoconfigure-1.5.18.RELEASE.jar:/Users/jihoonyang/.m2/repository/org/springframework/boot/spring-boot-starter-logging/1.5.18.RELEASE/spring-boot-starter-logging-1.5.18.RELEASE.jar:/Users/jihoonyang/.m2/repository/ch/qos/logback/logback-classic/1.1.11/logback-classic-1.1.11.jar:/Users/jihoonyang/.m2/repository/ch/qos/logback/logback-core/1.1.11/logback-core-1.1.11.jar:/Users/jihoonyang/.m2/repository/org/slf4j/jcl-over-slf4j/1.7.25/jcl-over-slf4j-1.7.25.jar:/Users/jihoonyang/.m2/repository/org/slf4j/jul-to-slf4j/1.7.25/jul-to-slf4j-1.7.25.jar:/Users/jihoonyang/.m2/repository/org/slf4j/log4j-over-slf4j/1.7.25/log4j-over-slf4j-1.7.25.jar:/Users/jihoonyang/.m2/repository/org/yaml/snakeyaml/1.17/snakeyaml-1.17.jar:/Users/jihoonyang/.m2/repository/org/springframework/boot/spring-boot-starter-tomcat/1.5.18.RELEASE/spring-boot-starter-tomcat-1.5.18.RELEASE.jar:/Users/jihoonyang/.m2/repository/org/apache/tomcat/embed/tomcat-embed-core/8.5.35/tomcat-embed-core-8.5.35.jar:/Users/jihoonyang/.m2/repository/org/apache/tomcat/tomcat-annotations-api/8.5.35/tomcat-annotations-api-8.5.35.jar:/Users/jihoonyang/.m2/repository/org/apache/tomcat/embed/tomcat-embed-el/8.5.35/tomcat-embed-el-8.5.35.jar:/Users/jihoonyang/.m2/repository/org/apache/tomcat/embed/tomcat-embed-websocket/8.5.35/tomcat-embed-websocket-8.5.35.jar:/Users/jihoonyang/.m2/repository/org/hibernate/hibernate-validator/5.3.6.Final/hibernate-validator-5.3.6.Final.jar:/Users/jihoonyang/.m2/repository/javax/validation/validation-api/1.1.0.Final/validation-api-1.1.0.Final.jar:/Users/jihoonyang/.m2/repository/org/jboss/logging/jboss-logging/3.3.2.Final/jboss-logging-3.3.2.Final.jar:/Users/jihoonyang/.m2/repository/com/fasterxml/classmate/1.3.4/classmate-1.3.4.jar:/Users/jihoonyang/.m2/repository/com/fasterxml/jackson/core/jackson-databind/2.8.11.3/jackson-databind-2.8.11.3.jar:/Users/jihoonyang/.m2/repository/com/fasterxml/jackson/core/jackson-annotations/2.8.0/jackson-annotations-2.8.0.jar:/Users/jihoonyang/.m2/repository/com/fasterxml/jackson/core/jackson-core/2.8.11/jackson-core-2.8.11.jar:/Users/jihoonyang/.m2/repository/org/springframework/spring-web/4.3.21.RELEASE/spring-web-4.3.21.RELEASE.jar:/Users/jihoonyang/.m2/repository/org/springframework/spring-aop/4.3.21.RELEASE/spring-aop-4.3.21.RELEASE.jar:/Users/jihoonyang/.m2/repository/org/springframework/spring-beans/4.3.21.RELEASE/spring-beans-4.3.21.RELEASE.jar:/Users/jihoonyang/.m2/repository/org/springframework/spring-context/4.3.21.RELEASE/spring-context-4.3.21.RELEASE.jar:/Users/jihoonyang/.m2/repository/org/springframework/spring-webmvc/4.3.21.RELEASE/spring-webmvc-4.3.21.RELEASE.jar:/Users/jihoonyang/.m2/repository/org/springframework/spring-expression/4.3.21.RELEASE/spring-expression-4.3.21.RELEASE.jar:/Users/jihoonyang/.m2/repository/org/springframework/boot/spring-boot-starter-test/1.5.18.RELEASE/spring-boot-starter-test-1.5.18.RELEASE.jar:/Users/jihoonyang/.m2/repository/org/springframework/boot/spring-boot-test/1.5.18.RELEASE/spring-boot-test-1.5.18.RELEASE.jar:/Users/jihoonyang/.m2/repository/org/springframework/boot/spring-boot-test-autoconfigure/1.5.18.RELEASE/spring-boot-test-autoconfigure-1.5.18.RELEASE.jar:/Users/jihoonyang/.m2/repository/com/jayway/jsonpath/json-path/2.2.0/json-path-2.2.0.jar:/Users/jihoonyang/.m2/repository/net/minidev/json-smart/2.2.1/json-smart-2.2.1.jar:/Users/jihoonyang/.m2/repository/net/minidev/accessors-smart/1.1/accessors-smart-1.1.jar:/Users/jihoonyang/.m2/repository/org/ow2/asm/asm/5.0.3/asm-5.0.3.jar:/Users/jihoonyang/.m2/repository/org/slf4j/slf4j-api/1.7.25/slf4j-api-1.7.25.jar:/Users/jihoonyang/.m2/repository/junit/junit/4.12/junit-4.12.jar:/Users/jihoonyang/.m2/repository/org/assertj/assertj-core/2.6.0/assertj-core-2.6.0.jar:/Users/jihoonyang/.m2/repository/org/mockito/mockito-core/1.10.19/mockito-core-1.10.19.jar:/Users/jihoonyang/.m2/repository/org/objenesis/objenesis/2.1/objenesis-2.1.jar:/Users/jihoonyang/.m2/repository/org/hamcrest/hamcrest-core/1.3/hamcrest-core-1.3.jar:/Users/jihoonyang/.m2/repository/org/hamcrest/hamcrest-library/1.3/hamcrest-library-1.3.jar:/Users/jihoonyang/.m2/repository/org/skyscreamer/jsonassert/1.4.0/jsonassert-1.4.0.jar:/Users/jihoonyang/.m2/repository/com/vaadin/external/google/android-json/0.0.20131108.vaadin1/android-json-0.0.20131108.vaadin1.jar:/Users/jihoonyang/.m2/repository/org/springframework/spring-core/4.3.21.RELEASE/spring-core-4.3.21.RELEASE.jar:/Users/jihoonyang/.m2/repository/org/springframework/spring-test/4.3.21.RELEASE/spring-test-4.3.21.RELEASE.jar:/Users/jihoonyang/.m2/repository/org/projectlombok/lombok/1.16.22/lombok-1.16.22.jar:, user.name=jihoonyang, java.vm.specification.version=1.8, sun.java.command=/Users/jihoonyang/IdeaProjects/microservice/target/surefire/surefirebooter1053366089389068871.jar /Users/jihoonyang/IdeaProjects/microservice/target/surefire/surefire8481382987469405729tmp /Users/jihoonyang/IdeaProjects/microservice/target/surefire/surefire_0204232858848739853tmp, java.home=/Library/Java/JavaVirtualMachines/jdk1.8.0_131.jdk/Contents/Home/jre, sun.arch.data.model=64, user.language=ko, java.specification.vendor=Oracle Corporation, user.language.format=ko-Kore, awt.toolkit=sun.lwawt.macosx.LWCToolkit, java.vm.info=mixed mode, java.version=1.8.0_131, java.ext.dirs=/Users/jihoonyang/Library/Java/Extensions:/Library/Java/JavaVirtualMachines/jdk1.8.0_131.jdk/Contents/Home/jre/lib/ext:/Library/Java/Extensions:/Network/Library/Java/Extensions:/System/Library/Java/Extensions:/usr/lib/java, sun.boot.class.path=/Library/Java/JavaVirtualMachines/jdk1.8.0_131.jdk/Contents/Home/jre/lib/resources.jar:/Library/Java/JavaVirtualMachines/jdk1.8.0_131.jdk/Contents/Home/jre/lib/rt.jar:/Library/Java/JavaVirtualMachines/jdk1.8.0_131.jdk/Contents/Home/jre/lib/sunrsasign.jar:/Library/Java/JavaVirtualMachines/jdk1.8.0_131.jdk/Contents/Home/jre/lib/jsse.jar:/Library/Java/JavaVirtualMachines/jdk1.8.0_131.jdk/Contents/Home/jre/lib/jce.jar:/Library/Java/JavaVirtualMachines/jdk1.8.0_131.jdk/Contents/Home/jre/lib/charsets.jar:/Library/Java/JavaVirtualMachines/jdk1.8.0_131.jdk/Contents/Home/jre/lib/jfr.jar:/Library/Java/JavaVirtualMachines/jdk1.8.0_131.jdk/Contents/Home/jre/classes, java.vendor=Oracle Corporation, localRepository=/Users/jihoonyang/.m2/repository, file.separator=/, java.vendor.url.bug=http://bugreport.sun.com/bugreport/, sun.io.unicode.encoding=UnicodeBig, sun.cpu.endian=little, socksNonProxyHosts=local|*.local|169.254/16|*.169.254/16|127.0.0.1:16105|*.127.0.0.1:16105, ftp.nonProxyHosts=local|*.local|169.254/16|*.169.254/16|127.0.0.1:16105|*.127.0.0.1:16105, sun.cpu.isalist=}}, SystemEnvironmentPropertySource@1955915048 {name='systemEnvironment', properties={PATH=/opt/local/bin:/opt/local/sbin:/usr/local/bin:/usr/bin:/bin:/usr/sbin:/sbin:/usr/local/mysql/bin:/Users/jihoonyang/Library/Android/sdk/platform-tools, SHELL=/bin/bash, OLDPWD=/Users/jihoonyang/IdeaProjects/microservice, USER=jihoonyang, TMPDIR=/var/folders/0_/vg0pzzx55tbf6347tns30l8r0000gn/T/, SSH_AUTH_SOCK=/private/tmp/com.apple.launchd.SPIu50cyPY/Listeners, XPC_FLAGS=0x0, VERSIONER_PYTHON_VERSION=2.7, __CF_USER_TEXT_ENCODING=0x1F5:0x3:0x33, JAVA_MAIN_CLASS_3831=org.codehaus.classworlds.Launcher, LOGNAME=jihoonyang, LC_CTYPE=ko_KR.UTF-8, XPC_SERVICE_NAME=0, PWD=/Users/jihoonyang/IdeaProjects/microservice, JAVA_MAIN_CLASS_3843=org.apache.maven.surefire.booter.ForkedBooter, HOME=/Users/jihoonyang, SHLVL=1, _=/Library/Java/JavaVirtualMachines/jdk1.8.0_131.jdk/Contents/Home/jre/bin/java}}]
10:45:20.848 [main] DEBUG org.springframework.core.io.support.PathMatchingResourcePatternResolver - Resolved classpath location [microservices/book/] to resources [URL [file:/Users/jihoonyang/IdeaProjects/microservice/target/test-classes/microservices/book/], URL [file:/Users/jihoonyang/IdeaProjects/microservice/target/classes/microservices/book/]]
10:45:20.850 [main] DEBUG org.springframework.core.io.support.PathMatchingResourcePatternResolver - Looking for matching resources in directory tree [/Users/jihoonyang/IdeaProjects/microservice/target/test-classes/microservices/book]
10:45:20.851 [main] DEBUG org.springframework.core.io.support.PathMatchingResourcePatternResolver - Searching directory [/Users/jihoonyang/IdeaProjects/microservice/target/test-classes/microservices/book] for files matching pattern [/Users/jihoonyang/IdeaProjects/microservice/target/test-classes/microservices/book/*.class]
10:45:20.857 [main] DEBUG org.springframework.core.io.support.PathMatchingResourcePatternResolver - Looking for matching resources in directory tree [/Users/jihoonyang/IdeaProjects/microservice/target/classes/microservices/book]
10:45:20.857 [main] DEBUG org.springframework.core.io.support.PathMatchingResourcePatternResolver - Searching directory [/Users/jihoonyang/IdeaProjects/microservice/target/classes/microservices/book] for files matching pattern [/Users/jihoonyang/IdeaProjects/microservice/target/classes/microservices/book/*.class]
10:45:20.861 [main] DEBUG org.springframework.core.io.support.PathMatchingResourcePatternResolver - Resolved location pattern [classpath*:microservices/book/*.class] to resources [file [/Users/jihoonyang/IdeaProjects/microservice/target/test-classes/microservices/book/SocialMultiplicationApplicationTests.class], file [/Users/jihoonyang/IdeaProjects/microservice/target/classes/microservices/book/SocialMultiplicationApplication.class]]
10:45:20.980 [main] DEBUG org.springframework.context.annotation.ClassPathScanningCandidateComponentProvider - Identified candidate component class: file [/Users/jihoonyang/IdeaProjects/microservice/target/classes/microservices/book/SocialMultiplicationApplication.class]
10:45:20.984 [main] INFO org.springframework.boot.test.context.SpringBootTestContextBootstrapper - Found @SpringBootConfiguration microservices.book.SocialMultiplicationApplication for test class microservices.book.SocialMultiplicationApplicationTests
10:45:20.996 [main] DEBUG org.springframework.boot.test.context.SpringBootTestContextBootstrapper - @TestExecutionListeners is not present for class [microservices.book.SocialMultiplicationApplicationTests]: using defaults.
10:45:21.008 [main] INFO org.springframework.boot.test.context.SpringBootTestContextBootstrapper - Loaded default TestExecutionListener class names from location [META-INF/spring.factories]: [org.springframework.boot.test.mock.mockito.MockitoTestExecutionListener, org.springframework.boot.test.mock.mockito.ResetMocksTestExecutionListener, org.springframework.boot.test.autoconfigure.restdocs.RestDocsTestExecutionListener, org.springframework.boot.test.autoconfigure.web.client.MockRestServiceServerResetTestExecutionListener, org.springframework.boot.test.autoconfigure.web.servlet.MockMvcPrintOnlyOnFailureTestExecutionListener, org.springframework.boot.test.autoconfigure.web.servlet.WebDriverTestExecutionListener, org.springframework.test.context.web.ServletTestExecutionListener, org.springframework.test.context.support.DirtiesContextBeforeModesTestExecutionListener, org.springframework.test.context.support.DependencyInjectionTestExecutionListener, org.springframework.test.context.support.DirtiesContextTestExecutionListener, org.springframework.test.context.transaction.TransactionalTestExecutionListener, org.springframework.test.context.jdbc.SqlScriptsTestExecutionListener]
10:45:21.068 [main] DEBUG org.springframework.boot.test.context.SpringBootTestContextBootstrapper - Could not instantiate TestExecutionListener [org.springframework.test.context.transaction.TransactionalTestExecutionListener]. Specify custom listener classes or make the default listener classes (and their required dependencies) available. Offending class: [org/springframework/transaction/interceptor/TransactionAttributeSource]
10:45:21.069 [main] DEBUG org.springframework.boot.test.context.SpringBootTestContextBootstrapper - Could not instantiate TestExecutionListener [org.springframework.test.context.jdbc.SqlScriptsTestExecutionListener]. Specify custom listener classes or make the default listener classes (and their required dependencies) available. Offending class: [org/springframework/transaction/interceptor/TransactionAttribute]
10:45:21.071 [main] INFO org.springframework.boot.test.context.SpringBootTestContextBootstrapper - Using TestExecutionListeners: [org.springframework.test.context.web.ServletTestExecutionListener@15bfd87, org.springframework.test.context.support.DirtiesContextBeforeModesTestExecutionListener@543e710e, org.springframework.boot.test.mock.mockito.MockitoTestExecutionListener@57f23557, org.springframework.boot.test.autoconfigure.SpringBootDependencyInjectionTestExecutionListener@3d0f8e03, org.springframework.test.context.support.DirtiesContextTestExecutionListener@6366ebe0, org.springframework.boot.test.mock.mockito.ResetMocksTestExecutionListener@44f75083, org.springframework.boot.test.autoconfigure.restdocs.RestDocsTestExecutionListener@2698dc7, org.springframework.boot.test.autoconfigure.web.client.MockRestServiceServerResetTestExecutionListener@43d7741f, org.springframework.boot.test.autoconfigure.web.servlet.MockMvcPrintOnlyOnFailureTestExecutionListener@17baae6e, org.springframework.boot.test.autoconfigure.web.servlet.WebDriverTestExecutionListener@69379752]
10:45:21.136 [main] DEBUG org.springframework.test.context.junit4.SpringJUnit4ClassRunner - SpringJUnit4ClassRunner constructor called with [class microservices.book.multiplication.service.MultiplicationServiceTest]
10:45:21.138 [main] DEBUG org.springframework.test.context.BootstrapUtils - Instantiating CacheAwareContextLoaderDelegate from class [org.springframework.test.context.cache.DefaultCacheAwareContextLoaderDelegate]
10:45:21.140 [main] DEBUG org.springframework.test.context.BootstrapUtils - Instantiating BootstrapContext using constructor [public org.springframework.test.context.support.DefaultBootstrapContext(java.lang.Class,org.springframework.test.context.CacheAwareContextLoaderDelegate)]
10:45:21.141 [main] DEBUG org.springframework.test.context.BootstrapUtils - Instantiating TestContextBootstrapper for test class [microservices.book.multiplication.service.MultiplicationServiceTest] from class [org.springframework.boot.test.context.SpringBootTestContextBootstrapper]
10:45:21.142 [main] INFO org.springframework.boot.test.context.SpringBootTestContextBootstrapper - Neither @ContextConfiguration nor @ContextHierarchy found for test class [microservices.book.multiplication.service.MultiplicationServiceTest], using SpringBootContextLoader
10:45:21.143 [main] DEBUG org.springframework.test.context.support.AbstractContextLoader - Did not detect default resource location for test class [microservices.book.multiplication.service.MultiplicationServiceTest]: class path resource [microservices/book/multiplication/service/MultiplicationServiceTest-context.xml] does not exist
10:45:21.144 [main] DEBUG org.springframework.test.context.support.AbstractContextLoader - Did not detect default resource location for test class [microservices.book.multiplication.service.MultiplicationServiceTest]: class path resource [microservices/book/multiplication/service/MultiplicationServiceTestContext.groovy] does not exist
10:45:21.144 [main] INFO org.springframework.test.context.support.AbstractContextLoader - Could not detect default resource locations for test class [microservices.book.multiplication.service.MultiplicationServiceTest]: no resource found for suffixes {-context.xml, Context.groovy}.
10:45:21.145 [main] INFO org.springframework.test.context.support.AnnotationConfigContextLoaderUtils - Could not detect default configuration classes for test class [microservices.book.multiplication.service.MultiplicationServiceTest]: MultiplicationServiceTest does not declare any static, non-private, non-final, nested classes annotated with @Configuration.
10:45:21.162 [main] DEBUG org.springframework.test.context.support.ActiveProfilesUtils - Could not find an 'annotation declaring class' for annotation type [org.springframework.test.context.ActiveProfiles] and class [microservices.book.multiplication.service.MultiplicationServiceTest]
10:45:21.163 [main] DEBUG org.springframework.core.env.StandardEnvironment - Adding PropertySource 'systemProperties' with lowest search precedence
10:45:21.163 [main] DEBUG org.springframework.core.env.StandardEnvironment - Adding PropertySource 'systemEnvironment' with lowest search precedence
10:45:21.164 [main] DEBUG org.springframework.core.env.StandardEnvironment - Initialized StandardEnvironment with PropertySources [MapPropertySource@1447499999 {name='systemProperties', properties={java.runtime.name=Java(TM) SE Runtime Environment, sun.boot.library.path=/Library/Java/JavaVirtualMachines/jdk1.8.0_131.jdk/Contents/Home/jre/lib, java.vm.version=25.131-b11, gopherProxySet=false, java.vm.vendor=Oracle Corporation, java.vendor.url=http://java.oracle.com/, path.separator=:, java.vm.name=Java HotSpot(TM) 64-Bit Server VM, file.encoding.pkg=sun.io, user.country=KR, sun.java.launcher=SUN_STANDARD, sun.os.patch.level=unknown, java.vm.specification.name=Java Virtual Machine Specification, user.dir=/Users/jihoonyang/IdeaProjects/microservice, java.runtime.version=1.8.0_131-b11, basedir=/Users/jihoonyang/IdeaProjects/microservice, java.awt.graphicsenv=sun.awt.CGraphicsEnvironment, java.endorsed.dirs=/Library/Java/JavaVirtualMachines/jdk1.8.0_131.jdk/Contents/Home/jre/lib/endorsed, os.arch=x86_64, surefire.real.class.path=/Users/jihoonyang/IdeaProjects/microservice/target/surefire/surefirebooter1053366089389068871.jar, java.io.tmpdir=/var/folders/0_/vg0pzzx55tbf6347tns30l8r0000gn/T/, line.separator=
, java.vm.specification.vendor=Oracle Corporation, os.name=Mac OS X, sun.jnu.encoding=UTF-8, java.library.path=/Users/jihoonyang/Library/Java/Extensions:/Library/Java/Extensions:/Network/Library/Java/Extensions:/System/Library/Java/Extensions:/usr/lib/java:., surefire.test.class.path=/Users/jihoonyang/IdeaProjects/microservice/target/test-classes:/Users/jihoonyang/IdeaProjects/microservice/target/classes:/Users/jihoonyang/.m2/repository/org/springframework/boot/spring-boot-starter-web/1.5.18.RELEASE/spring-boot-starter-web-1.5.18.RELEASE.jar:/Users/jihoonyang/.m2/repository/org/springframework/boot/spring-boot-starter/1.5.18.RELEASE/spring-boot-starter-1.5.18.RELEASE.jar:/Users/jihoonyang/.m2/repository/org/springframework/boot/spring-boot/1.5.18.RELEASE/spring-boot-1.5.18.RELEASE.jar:/Users/jihoonyang/.m2/repository/org/springframework/boot/spring-boot-autoconfigure/1.5.18.RELEASE/spring-boot-autoconfigure-1.5.18.RELEASE.jar:/Users/jihoonyang/.m2/repository/org/springframework/boot/spring-boot-starter-logging/1.5.18.RELEASE/spring-boot-starter-logging-1.5.18.RELEASE.jar:/Users/jihoonyang/.m2/repository/ch/qos/logback/logback-classic/1.1.11/logback-classic-1.1.11.jar:/Users/jihoonyang/.m2/repository/ch/qos/logback/logback-core/1.1.11/logback-core-1.1.11.jar:/Users/jihoonyang/.m2/repository/org/slf4j/jcl-over-slf4j/1.7.25/jcl-over-slf4j-1.7.25.jar:/Users/jihoonyang/.m2/repository/org/slf4j/jul-to-slf4j/1.7.25/jul-to-slf4j-1.7.25.jar:/Users/jihoonyang/.m2/repository/org/slf4j/log4j-over-slf4j/1.7.25/log4j-over-slf4j-1.7.25.jar:/Users/jihoonyang/.m2/repository/org/yaml/snakeyaml/1.17/snakeyaml-1.17.jar:/Users/jihoonyang/.m2/repository/org/springframework/boot/spring-boot-starter-tomcat/1.5.18.RELEASE/spring-boot-starter-tomcat-1.5.18.RELEASE.jar:/Users/jihoonyang/.m2/repository/org/apache/tomcat/embed/tomcat-embed-core/8.5.35/tomcat-embed-core-8.5.35.jar:/Users/jihoonyang/.m2/repository/org/apache/tomcat/tomcat-annotations-api/8.5.35/tomcat-annotations-api-8.5.35.jar:/Users/jihoonyang/.m2/repository/org/apache/tomcat/embed/tomcat-embed-el/8.5.35/tomcat-embed-el-8.5.35.jar:/Users/jihoonyang/.m2/repository/org/apache/tomcat/embed/tomcat-embed-websocket/8.5.35/tomcat-embed-websocket-8.5.35.jar:/Users/jihoonyang/.m2/repository/org/hibernate/hibernate-validator/5.3.6.Final/hibernate-validator-5.3.6.Final.jar:/Users/jihoonyang/.m2/repository/javax/validation/validation-api/1.1.0.Final/validation-api-1.1.0.Final.jar:/Users/jihoonyang/.m2/repository/org/jboss/logging/jboss-logging/3.3.2.Final/jboss-logging-3.3.2.Final.jar:/Users/jihoonyang/.m2/repository/com/fasterxml/classmate/1.3.4/classmate-1.3.4.jar:/Users/jihoonyang/.m2/repository/com/fasterxml/jackson/core/jackson-databind/2.8.11.3/jackson-databind-2.8.11.3.jar:/Users/jihoonyang/.m2/repository/com/fasterxml/jackson/core/jackson-annotations/2.8.0/jackson-annotations-2.8.0.jar:/Users/jihoonyang/.m2/repository/com/fasterxml/jackson/core/jackson-core/2.8.11/jackson-core-2.8.11.jar:/Users/jihoonyang/.m2/repository/org/springframework/spring-web/4.3.21.RELEASE/spring-web-4.3.21.RELEASE.jar:/Users/jihoonyang/.m2/repository/org/springframework/spring-aop/4.3.21.RELEASE/spring-aop-4.3.21.RELEASE.jar:/Users/jihoonyang/.m2/repository/org/springframework/spring-beans/4.3.21.RELEASE/spring-beans-4.3.21.RELEASE.jar:/Users/jihoonyang/.m2/repository/org/springframework/spring-context/4.3.21.RELEASE/spring-context-4.3.21.RELEASE.jar:/Users/jihoonyang/.m2/repository/org/springframework/spring-webmvc/4.3.21.RELEASE/spring-webmvc-4.3.21.RELEASE.jar:/Users/jihoonyang/.m2/repository/org/springframework/spring-expression/4.3.21.RELEASE/spring-expression-4.3.21.RELEASE.jar:/Users/jihoonyang/.m2/repository/org/springframework/boot/spring-boot-starter-test/1.5.18.RELEASE/spring-boot-starter-test-1.5.18.RELEASE.jar:/Users/jihoonyang/.m2/repository/org/springframework/boot/spring-boot-test/1.5.18.RELEASE/spring-boot-test-1.5.18.RELEASE.jar:/Users/jihoonyang/.m2/repository/org/springframework/boot/spring-boot-test-autoconfigure/1.5.18.RELEASE/spring-boot-test-autoconfigure-1.5.18.RELEASE.jar:/Users/jihoonyang/.m2/repository/com/jayway/jsonpath/json-path/2.2.0/json-path-2.2.0.jar:/Users/jihoonyang/.m2/repository/net/minidev/json-smart/2.2.1/json-smart-2.2.1.jar:/Users/jihoonyang/.m2/repository/net/minidev/accessors-smart/1.1/accessors-smart-1.1.jar:/Users/jihoonyang/.m2/repository/org/ow2/asm/asm/5.0.3/asm-5.0.3.jar:/Users/jihoonyang/.m2/repository/org/slf4j/slf4j-api/1.7.25/slf4j-api-1.7.25.jar:/Users/jihoonyang/.m2/repository/junit/junit/4.12/junit-4.12.jar:/Users/jihoonyang/.m2/repository/org/assertj/assertj-core/2.6.0/assertj-core-2.6.0.jar:/Users/jihoonyang/.m2/repository/org/mockito/mockito-core/1.10.19/mockito-core-1.10.19.jar:/Users/jihoonyang/.m2/repository/org/objenesis/objenesis/2.1/objenesis-2.1.jar:/Users/jihoonyang/.m2/repository/org/hamcrest/hamcrest-core/1.3/hamcrest-core-1.3.jar:/Users/jihoonyang/.m2/repository/org/hamcrest/hamcrest-library/1.3/hamcrest-library-1.3.jar:/Users/jihoonyang/.m2/repository/org/skyscreamer/jsonassert/1.4.0/jsonassert-1.4.0.jar:/Users/jihoonyang/.m2/repository/com/vaadin/external/google/android-json/0.0.20131108.vaadin1/android-json-0.0.20131108.vaadin1.jar:/Users/jihoonyang/.m2/repository/org/springframework/spring-core/4.3.21.RELEASE/spring-core-4.3.21.RELEASE.jar:/Users/jihoonyang/.m2/repository/org/springframework/spring-test/4.3.21.RELEASE/spring-test-4.3.21.RELEASE.jar:/Users/jihoonyang/.m2/repository/org/projectlombok/lombok/1.16.22/lombok-1.16.22.jar:, java.specification.name=Java Platform API Specification, java.class.version=52.0, sun.management.compiler=HotSpot 64-Bit Tiered Compilers, idea.version2019.3.4=true, os.version=10.15.4, http.nonProxyHosts=local|*.local|169.254/16|*.169.254/16|127.0.0.1:16105|*.127.0.0.1:16105, user.home=/Users/jihoonyang, user.timezone=Asia/Seoul, java.awt.printerjob=sun.lwawt.macosx.CPrinterJob, file.encoding=UTF-8, java.specification.version=1.8, java.class.path=/Users/jihoonyang/IdeaProjects/microservice/target/test-classes:/Users/jihoonyang/IdeaProjects/microservice/target/classes:/Users/jihoonyang/.m2/repository/org/springframework/boot/spring-boot-starter-web/1.5.18.RELEASE/spring-boot-starter-web-1.5.18.RELEASE.jar:/Users/jihoonyang/.m2/repository/org/springframework/boot/spring-boot-starter/1.5.18.RELEASE/spring-boot-starter-1.5.18.RELEASE.jar:/Users/jihoonyang/.m2/repository/org/springframework/boot/spring-boot/1.5.18.RELEASE/spring-boot-1.5.18.RELEASE.jar:/Users/jihoonyang/.m2/repository/org/springframework/boot/spring-boot-autoconfigure/1.5.18.RELEASE/spring-boot-autoconfigure-1.5.18.RELEASE.jar:/Users/jihoonyang/.m2/repository/org/springframework/boot/spring-boot-starter-logging/1.5.18.RELEASE/spring-boot-starter-logging-1.5.18.RELEASE.jar:/Users/jihoonyang/.m2/repository/ch/qos/logback/logback-classic/1.1.11/logback-classic-1.1.11.jar:/Users/jihoonyang/.m2/repository/ch/qos/logback/logback-core/1.1.11/logback-core-1.1.11.jar:/Users/jihoonyang/.m2/repository/org/slf4j/jcl-over-slf4j/1.7.25/jcl-over-slf4j-1.7.25.jar:/Users/jihoonyang/.m2/repository/org/slf4j/jul-to-slf4j/1.7.25/jul-to-slf4j-1.7.25.jar:/Users/jihoonyang/.m2/repository/org/slf4j/log4j-over-slf4j/1.7.25/log4j-over-slf4j-1.7.25.jar:/Users/jihoonyang/.m2/repository/org/yaml/snakeyaml/1.17/snakeyaml-1.17.jar:/Users/jihoonyang/.m2/repository/org/springframework/boot/spring-boot-starter-tomcat/1.5.18.RELEASE/spring-boot-starter-tomcat-1.5.18.RELEASE.jar:/Users/jihoonyang/.m2/repository/org/apache/tomcat/embed/tomcat-embed-core/8.5.35/tomcat-embed-core-8.5.35.jar:/Users/jihoonyang/.m2/repository/org/apache/tomcat/tomcat-annotations-api/8.5.35/tomcat-annotations-api-8.5.35.jar:/Users/jihoonyang/.m2/repository/org/apache/tomcat/embed/tomcat-embed-el/8.5.35/tomcat-embed-el-8.5.35.jar:/Users/jihoonyang/.m2/repository/org/apache/tomcat/embed/tomcat-embed-websocket/8.5.35/tomcat-embed-websocket-8.5.35.jar:/Users/jihoonyang/.m2/repository/org/hibernate/hibernate-validator/5.3.6.Final/hibernate-validator-5.3.6.Final.jar:/Users/jihoonyang/.m2/repository/javax/validation/validation-api/1.1.0.Final/validation-api-1.1.0.Final.jar:/Users/jihoonyang/.m2/repository/org/jboss/logging/jboss-logging/3.3.2.Final/jboss-logging-3.3.2.Final.jar:/Users/jihoonyang/.m2/repository/com/fasterxml/classmate/1.3.4/classmate-1.3.4.jar:/Users/jihoonyang/.m2/repository/com/fasterxml/jackson/core/jackson-databind/2.8.11.3/jackson-databind-2.8.11.3.jar:/Users/jihoonyang/.m2/repository/com/fasterxml/jackson/core/jackson-annotations/2.8.0/jackson-annotations-2.8.0.jar:/Users/jihoonyang/.m2/repository/com/fasterxml/jackson/core/jackson-core/2.8.11/jackson-core-2.8.11.jar:/Users/jihoonyang/.m2/repository/org/springframework/spring-web/4.3.21.RELEASE/spring-web-4.3.21.RELEASE.jar:/Users/jihoonyang/.m2/repository/org/springframework/spring-aop/4.3.21.RELEASE/spring-aop-4.3.21.RELEASE.jar:/Users/jihoonyang/.m2/repository/org/springframework/spring-beans/4.3.21.RELEASE/spring-beans-4.3.21.RELEASE.jar:/Users/jihoonyang/.m2/repository/org/springframework/spring-context/4.3.21.RELEASE/spring-context-4.3.21.RELEASE.jar:/Users/jihoonyang/.m2/repository/org/springframework/spring-webmvc/4.3.21.RELEASE/spring-webmvc-4.3.21.RELEASE.jar:/Users/jihoonyang/.m2/repository/org/springframework/spring-expression/4.3.21.RELEASE/spring-expression-4.3.21.RELEASE.jar:/Users/jihoonyang/.m2/repository/org/springframework/boot/spring-boot-starter-test/1.5.18.RELEASE/spring-boot-starter-test-1.5.18.RELEASE.jar:/Users/jihoonyang/.m2/repository/org/springframework/boot/spring-boot-test/1.5.18.RELEASE/spring-boot-test-1.5.18.RELEASE.jar:/Users/jihoonyang/.m2/repository/org/springframework/boot/spring-boot-test-autoconfigure/1.5.18.RELEASE/spring-boot-test-autoconfigure-1.5.18.RELEASE.jar:/Users/jihoonyang/.m2/repository/com/jayway/jsonpath/json-path/2.2.0/json-path-2.2.0.jar:/Users/jihoonyang/.m2/repository/net/minidev/json-smart/2.2.1/json-smart-2.2.1.jar:/Users/jihoonyang/.m2/repository/net/minidev/accessors-smart/1.1/accessors-smart-1.1.jar:/Users/jihoonyang/.m2/repository/org/ow2/asm/asm/5.0.3/asm-5.0.3.jar:/Users/jihoonyang/.m2/repository/org/slf4j/slf4j-api/1.7.25/slf4j-api-1.7.25.jar:/Users/jihoonyang/.m2/repository/junit/junit/4.12/junit-4.12.jar:/Users/jihoonyang/.m2/repository/org/assertj/assertj-core/2.6.0/assertj-core-2.6.0.jar:/Users/jihoonyang/.m2/repository/org/mockito/mockito-core/1.10.19/mockito-core-1.10.19.jar:/Users/jihoonyang/.m2/repository/org/objenesis/objenesis/2.1/objenesis-2.1.jar:/Users/jihoonyang/.m2/repository/org/hamcrest/hamcrest-core/1.3/hamcrest-core-1.3.jar:/Users/jihoonyang/.m2/repository/org/hamcrest/hamcrest-library/1.3/hamcrest-library-1.3.jar:/Users/jihoonyang/.m2/repository/org/skyscreamer/jsonassert/1.4.0/jsonassert-1.4.0.jar:/Users/jihoonyang/.m2/repository/com/vaadin/external/google/android-json/0.0.20131108.vaadin1/android-json-0.0.20131108.vaadin1.jar:/Users/jihoonyang/.m2/repository/org/springframework/spring-core/4.3.21.RELEASE/spring-core-4.3.21.RELEASE.jar:/Users/jihoonyang/.m2/repository/org/springframework/spring-test/4.3.21.RELEASE/spring-test-4.3.21.RELEASE.jar:/Users/jihoonyang/.m2/repository/org/projectlombok/lombok/1.16.22/lombok-1.16.22.jar:, user.name=jihoonyang, java.vm.specification.version=1.8, sun.java.command=/Users/jihoonyang/IdeaProjects/microservice/target/surefire/surefirebooter1053366089389068871.jar /Users/jihoonyang/IdeaProjects/microservice/target/surefire/surefire8481382987469405729tmp /Users/jihoonyang/IdeaProjects/microservice/target/surefire/surefire_0204232858848739853tmp, java.home=/Library/Java/JavaVirtualMachines/jdk1.8.0_131.jdk/Contents/Home/jre, sun.arch.data.model=64, user.language=ko, java.specification.vendor=Oracle Corporation, user.language.format=ko-Kore, awt.toolkit=sun.lwawt.macosx.LWCToolkit, java.vm.info=mixed mode, java.version=1.8.0_131, java.ext.dirs=/Users/jihoonyang/Library/Java/Extensions:/Library/Java/JavaVirtualMachines/jdk1.8.0_131.jdk/Contents/Home/jre/lib/ext:/Library/Java/Extensions:/Network/Library/Java/Extensions:/System/Library/Java/Extensions:/usr/lib/java, sun.boot.class.path=/Library/Java/JavaVirtualMachines/jdk1.8.0_131.jdk/Contents/Home/jre/lib/resources.jar:/Library/Java/JavaVirtualMachines/jdk1.8.0_131.jdk/Contents/Home/jre/lib/rt.jar:/Library/Java/JavaVirtualMachines/jdk1.8.0_131.jdk/Contents/Home/jre/lib/sunrsasign.jar:/Library/Java/JavaVirtualMachines/jdk1.8.0_131.jdk/Contents/Home/jre/lib/jsse.jar:/Library/Java/JavaVirtualMachines/jdk1.8.0_131.jdk/Contents/Home/jre/lib/jce.jar:/Library/Java/JavaVirtualMachines/jdk1.8.0_131.jdk/Contents/Home/jre/lib/charsets.jar:/Library/Java/JavaVirtualMachines/jdk1.8.0_131.jdk/Contents/Home/jre/lib/jfr.jar:/Library/Java/JavaVirtualMachines/jdk1.8.0_131.jdk/Contents/Home/jre/classes, java.vendor=Oracle Corporation, localRepository=/Users/jihoonyang/.m2/repository, file.separator=/, java.vendor.url.bug=http://bugreport.sun.com/bugreport/, sun.io.unicode.encoding=UnicodeBig, sun.cpu.endian=little, socksNonProxyHosts=local|*.local|169.254/16|*.169.254/16|127.0.0.1:16105|*.127.0.0.1:16105, ftp.nonProxyHosts=local|*.local|169.254/16|*.169.254/16|127.0.0.1:16105|*.127.0.0.1:16105, sun.cpu.isalist=}}, SystemEnvironmentPropertySource@1371006431 {name='systemEnvironment', properties={PATH=/opt/local/bin:/opt/local/sbin:/usr/local/bin:/usr/bin:/bin:/usr/sbin:/sbin:/usr/local/mysql/bin:/Users/jihoonyang/Library/Android/sdk/platform-tools, SHELL=/bin/bash, OLDPWD=/Users/jihoonyang/IdeaProjects/microservice, USER=jihoonyang, TMPDIR=/var/folders/0_/vg0pzzx55tbf6347tns30l8r0000gn/T/, SSH_AUTH_SOCK=/private/tmp/com.apple.launchd.SPIu50cyPY/Listeners, XPC_FLAGS=0x0, VERSIONER_PYTHON_VERSION=2.7, __CF_USER_TEXT_ENCODING=0x1F5:0x3:0x33, JAVA_MAIN_CLASS_3831=org.codehaus.classworlds.Launcher, LOGNAME=jihoonyang, LC_CTYPE=ko_KR.UTF-8, XPC_SERVICE_NAME=0, PWD=/Users/jihoonyang/IdeaProjects/microservice, JAVA_MAIN_CLASS_3843=org.apache.maven.surefire.booter.ForkedBooter, HOME=/Users/jihoonyang, SHLVL=1, _=/Library/Java/JavaVirtualMachines/jdk1.8.0_131.jdk/Contents/Home/jre/bin/java}}]
10:45:21.166 [main] DEBUG org.springframework.core.io.support.PathMatchingResourcePatternResolver - Resolved classpath location [microservices/book/multiplication/service/] to resources [URL [file:/Users/jihoonyang/IdeaProjects/microservice/target/test-classes/microservices/book/multiplication/service/], URL [file:/Users/jihoonyang/IdeaProjects/microservice/target/classes/microservices/book/multiplication/service/]]
10:45:21.166 [main] DEBUG org.springframework.core.io.support.PathMatchingResourcePatternResolver - Looking for matching resources in directory tree [/Users/jihoonyang/IdeaProjects/microservice/target/test-classes/microservices/book/multiplication/service]
10:45:21.167 [main] DEBUG org.springframework.core.io.support.PathMatchingResourcePatternResolver - Searching directory [/Users/jihoonyang/IdeaProjects/microservice/target/test-classes/microservices/book/multiplication/service] for files matching pattern [/Users/jihoonyang/IdeaProjects/microservice/target/test-classes/microservices/book/multiplication/service/*.class]
10:45:21.168 [main] DEBUG org.springframework.core.io.support.PathMatchingResourcePatternResolver - Looking for matching resources in directory tree [/Users/jihoonyang/IdeaProjects/microservice/target/classes/microservices/book/multiplication/service]
10:45:21.171 [main] DEBUG org.springframework.core.io.support.PathMatchingResourcePatternResolver - Searching directory [/Users/jihoonyang/IdeaProjects/microservice/target/classes/microservices/book/multiplication/service] for files matching pattern [/Users/jihoonyang/IdeaProjects/microservice/target/classes/microservices/book/multiplication/service/*.class]
10:45:21.173 [main] DEBUG org.springframework.core.io.support.PathMatchingResourcePatternResolver - Resolved location pattern [classpath*:microservices/book/multiplication/service/*.class] to resources [file [/Users/jihoonyang/IdeaProjects/microservice/target/test-classes/microservices/book/multiplication/service/MultiplicationServiceTest.class], file [/Users/jihoonyang/IdeaProjects/microservice/target/classes/microservices/book/multiplication/service/MultiplicationService.class], file [/Users/jihoonyang/IdeaProjects/microservice/target/classes/microservices/book/multiplication/service/MultiplicationServiceImpl.class], file [/Users/jihoonyang/IdeaProjects/microservice/target/classes/microservices/book/multiplication/service/RandomGeneratorService.class]]
10:45:21.187 [main] DEBUG org.springframework.core.io.support.PathMatchingResourcePatternResolver - Resolved classpath location [microservices/book/multiplication/] to resources [URL [file:/Users/jihoonyang/IdeaProjects/microservice/target/test-classes/microservices/book/multiplication/], URL [file:/Users/jihoonyang/IdeaProjects/microservice/target/classes/microservices/book/multiplication/]]
10:45:21.188 [main] DEBUG org.springframework.core.io.support.PathMatchingResourcePatternResolver - Looking for matching resources in directory tree [/Users/jihoonyang/IdeaProjects/microservice/target/test-classes/microservices/book/multiplication]
10:45:21.188 [main] DEBUG org.springframework.core.io.support.PathMatchingResourcePatternResolver - Searching directory [/Users/jihoonyang/IdeaProjects/microservice/target/test-classes/microservices/book/multiplication] for files matching pattern [/Users/jihoonyang/IdeaProjects/microservice/target/test-classes/microservices/book/multiplication/*.class]
10:45:21.189 [main] DEBUG org.springframework.core.io.support.PathMatchingResourcePatternResolver - Looking for matching resources in directory tree [/Users/jihoonyang/IdeaProjects/microservice/target/classes/microservices/book/multiplication]
10:45:21.190 [main] DEBUG org.springframework.core.io.support.PathMatchingResourcePatternResolver - Searching directory [/Users/jihoonyang/IdeaProjects/microservice/target/classes/microservices/book/multiplication] for files matching pattern [/Users/jihoonyang/IdeaProjects/microservice/target/classes/microservices/book/multiplication/*.class]
10:45:21.191 [main] DEBUG org.springframework.core.io.support.PathMatchingResourcePatternResolver - Resolved location pattern [classpath*:microservices/book/multiplication/*.class] to resources []
10:45:21.191 [main] DEBUG org.springframework.core.io.support.PathMatchingResourcePatternResolver - Resolved classpath location [microservices/book/] to resources [URL [file:/Users/jihoonyang/IdeaProjects/microservice/target/test-classes/microservices/book/], URL [file:/Users/jihoonyang/IdeaProjects/microservice/target/classes/microservices/book/]]
10:45:21.191 [main] DEBUG org.springframework.core.io.support.PathMatchingResourcePatternResolver - Looking for matching resources in directory tree [/Users/jihoonyang/IdeaProjects/microservice/target/test-classes/microservices/book]
10:45:21.192 [main] DEBUG org.springframework.core.io.support.PathMatchingResourcePatternResolver - Searching directory [/Users/jihoonyang/IdeaProjects/microservice/target/test-classes/microservices/book] for files matching pattern [/Users/jihoonyang/IdeaProjects/microservice/target/test-classes/microservices/book/*.class]
10:45:21.193 [main] DEBUG org.springframework.core.io.support.PathMatchingResourcePatternResolver - Looking for matching resources in directory tree [/Users/jihoonyang/IdeaProjects/microservice/target/classes/microservices/book]
10:45:21.193 [main] DEBUG org.springframework.core.io.support.PathMatchingResourcePatternResolver - Searching directory [/Users/jihoonyang/IdeaProjects/microservice/target/classes/microservices/book] for files matching pattern [/Users/jihoonyang/IdeaProjects/microservice/target/classes/microservices/book/*.class]
10:45:21.194 [main] DEBUG org.springframework.core.io.support.PathMatchingResourcePatternResolver - Resolved location pattern [classpath*:microservices/book/*.class] to resources [file [/Users/jihoonyang/IdeaProjects/microservice/target/test-classes/microservices/book/SocialMultiplicationApplicationTests.class], file [/Users/jihoonyang/IdeaProjects/microservice/target/classes/microservices/book/SocialMultiplicationApplication.class]]
10:45:21.199 [main] DEBUG org.springframework.context.annotation.ClassPathScanningCandidateComponentProvider - Identified candidate component class: file [/Users/jihoonyang/IdeaProjects/microservice/target/classes/microservices/book/SocialMultiplicationApplication.class]
10:45:21.199 [main] INFO org.springframework.boot.test.context.SpringBootTestContextBootstrapper - Found @SpringBootConfiguration microservices.book.SocialMultiplicationApplication for test class microservices.book.multiplication.service.MultiplicationServiceTest
10:45:21.204 [main] DEBUG org.springframework.boot.test.context.SpringBootTestContextBootstrapper - @TestExecutionListeners is not present for class [microservices.book.multiplication.service.MultiplicationServiceTest]: using defaults.
10:45:21.212 [main] INFO org.springframework.boot.test.context.SpringBootTestContextBootstrapper - Loaded default TestExecutionListener class names from location [META-INF/spring.factories]: [org.springframework.boot.test.mock.mockito.MockitoTestExecutionListener, org.springframework.boot.test.mock.mockito.ResetMocksTestExecutionListener, org.springframework.boot.test.autoconfigure.restdocs.RestDocsTestExecutionListener, org.springframework.boot.test.autoconfigure.web.client.MockRestServiceServerResetTestExecutionListener, org.springframework.boot.test.autoconfigure.web.servlet.MockMvcPrintOnlyOnFailureTestExecutionListener, org.springframework.boot.test.autoconfigure.web.servlet.WebDriverTestExecutionListener, org.springframework.test.context.web.ServletTestExecutionListener, org.springframework.test.context.support.DirtiesContextBeforeModesTestExecutionListener, org.springframework.test.context.support.DependencyInjectionTestExecutionListener, org.springframework.test.context.support.DirtiesContextTestExecutionListener, org.springframework.test.context.transaction.TransactionalTestExecutionListener, org.springframework.test.context.jdbc.SqlScriptsTestExecutionListener]
10:45:21.224 [main] DEBUG org.springframework.boot.test.context.SpringBootTestContextBootstrapper - Could not instantiate TestExecutionListener [org.springframework.test.context.transaction.TransactionalTestExecutionListener]. Specify custom listener classes or make the default listener classes (and their required dependencies) available. Offending class: [org/springframework/transaction/interceptor/TransactionAttributeSource]
10:45:21.226 [main] DEBUG org.springframework.boot.test.context.SpringBootTestContextBootstrapper - Could not instantiate TestExecutionListener [org.springframework.test.context.jdbc.SqlScriptsTestExecutionListener]. Specify custom listener classes or make the default listener classes (and their required dependencies) available. Offending class: [org/springframework/transaction/interceptor/TransactionAttribute]
10:45:21.227 [main] INFO org.springframework.boot.test.context.SpringBootTestContextBootstrapper - Using TestExecutionListeners: [org.springframework.test.context.web.ServletTestExecutionListener@29f69090, org.springframework.test.context.support.DirtiesContextBeforeModesTestExecutionListener@568bf312, org.springframework.boot.test.mock.mockito.MockitoTestExecutionListener@ca263c2, org.springframework.boot.test.autoconfigure.SpringBootDependencyInjectionTestExecutionListener@589b3632, org.springframework.test.context.support.DirtiesContextTestExecutionListener@45f45fa1, org.springframework.boot.test.mock.mockito.ResetMocksTestExecutionListener@4c6e276e, org.springframework.boot.test.autoconfigure.restdocs.RestDocsTestExecutionListener@534df152, org.springframework.boot.test.autoconfigure.web.client.MockRestServiceServerResetTestExecutionListener@52e677af, org.springframework.boot.test.autoconfigure.web.servlet.MockMvcPrintOnlyOnFailureTestExecutionListener@35083305, org.springframework.boot.test.autoconfigure.web.servlet.WebDriverTestExecutionListener@8e0379d]
10:45:21.238 [main] DEBUG org.springframework.test.annotation.ProfileValueUtils - Retrieved @ProfileValueSourceConfiguration [null] for test class [microservices.book.SocialMultiplicationApplicationTests]
10:45:21.239 [main] DEBUG org.springframework.test.annotation.ProfileValueUtils - Retrieved ProfileValueSource type [class org.springframework.test.annotation.SystemProfileValueSource] for class [microservices.book.SocialMultiplicationApplicationTests]
10:45:21.240 [main] DEBUG org.springframework.test.annotation.ProfileValueUtils - Retrieved @ProfileValueSourceConfiguration [null] for test class [microservices.book.multiplication.service.MultiplicationServiceTest]
10:45:21.241 [main] DEBUG org.springframework.test.annotation.ProfileValueUtils - Retrieved ProfileValueSource type [class org.springframework.test.annotation.SystemProfileValueSource] for class [microservices.book.multiplication.service.MultiplicationServiceTest]
10:45:21.248 [main] DEBUG org.springframework.test.context.junit4.SpringJUnit4ClassRunner - SpringJUnit4ClassRunner constructor called with [class microservices.book.SocialMultiplicationApplicationTests]
10:45:21.248 [main] DEBUG org.springframework.test.context.BootstrapUtils - Instantiating CacheAwareContextLoaderDelegate from class [org.springframework.test.context.cache.DefaultCacheAwareContextLoaderDelegate]
10:45:21.250 [main] DEBUG org.springframework.test.context.BootstrapUtils - Instantiating BootstrapContext using constructor [public org.springframework.test.context.support.DefaultBootstrapContext(java.lang.Class,org.springframework.test.context.CacheAwareContextLoaderDelegate)]
10:45:21.251 [main] DEBUG org.springframework.test.context.BootstrapUtils - Instantiating TestContextBootstrapper for test class [microservices.book.SocialMultiplicationApplicationTests] from class [org.springframework.boot.test.context.SpringBootTestContextBootstrapper]
10:45:21.252 [main] INFO org.springframework.boot.test.context.SpringBootTestContextBootstrapper - Neither @ContextConfiguration nor @ContextHierarchy found for test class [microservices.book.SocialMultiplicationApplicationTests], using SpringBootContextLoader
10:45:21.254 [main] DEBUG org.springframework.test.context.support.AbstractContextLoader - Did not detect default resource location for test class [microservices.book.SocialMultiplicationApplicationTests]: class path resource [microservices/book/SocialMultiplicationApplicationTests-context.xml] does not exist
10:45:21.255 [main] DEBUG org.springframework.test.context.support.AbstractContextLoader - Did not detect default resource location for test class [microservices.book.SocialMultiplicationApplicationTests]: class path resource [microservices/book/SocialMultiplicationApplicationTestsContext.groovy] does not exist
10:45:21.259 [main] INFO org.springframework.test.context.support.AbstractContextLoader - Could not detect default resource locations for test class [microservices.book.SocialMultiplicationApplicationTests]: no resource found for suffixes {-context.xml, Context.groovy}.
10:45:21.260 [main] INFO org.springframework.test.context.support.AnnotationConfigContextLoaderUtils - Could not detect default configuration classes for test class [microservices.book.SocialMultiplicationApplicationTests]: SocialMultiplicationApplicationTests does not declare any static, non-private, non-final, nested classes annotated with @Configuration.
10:45:21.265 [main] DEBUG org.springframework.test.context.support.ActiveProfilesUtils - Could not find an 'annotation declaring class' for annotation type [org.springframework.test.context.ActiveProfiles] and class [microservices.book.SocialMultiplicationApplicationTests]
10:45:21.267 [main] DEBUG org.springframework.core.env.StandardEnvironment - Adding PropertySource 'systemProperties' with lowest search precedence
10:45:21.268 [main] DEBUG org.springframework.core.env.StandardEnvironment - Adding PropertySource 'systemEnvironment' with lowest search precedence
10:45:21.268 [main] DEBUG org.springframework.core.env.StandardEnvironment - Initialized StandardEnvironment with PropertySources [MapPropertySource@125881207 {name='systemProperties', properties={java.runtime.name=Java(TM) SE Runtime Environment, sun.boot.library.path=/Library/Java/JavaVirtualMachines/jdk1.8.0_131.jdk/Contents/Home/jre/lib, java.vm.version=25.131-b11, gopherProxySet=false, java.vm.vendor=Oracle Corporation, java.vendor.url=http://java.oracle.com/, path.separator=:, java.vm.name=Java HotSpot(TM) 64-Bit Server VM, file.encoding.pkg=sun.io, user.country=KR, sun.java.launcher=SUN_STANDARD, sun.os.patch.level=unknown, java.vm.specification.name=Java Virtual Machine Specification, user.dir=/Users/jihoonyang/IdeaProjects/microservice, java.runtime.version=1.8.0_131-b11, basedir=/Users/jihoonyang/IdeaProjects/microservice, java.awt.graphicsenv=sun.awt.CGraphicsEnvironment, java.endorsed.dirs=/Library/Java/JavaVirtualMachines/jdk1.8.0_131.jdk/Contents/Home/jre/lib/endorsed, os.arch=x86_64, surefire.real.class.path=/Users/jihoonyang/IdeaProjects/microservice/target/surefire/surefirebooter1053366089389068871.jar, java.io.tmpdir=/var/folders/0_/vg0pzzx55tbf6347tns30l8r0000gn/T/, line.separator=
, java.vm.specification.vendor=Oracle Corporation, os.name=Mac OS X, sun.jnu.encoding=UTF-8, java.library.path=/Users/jihoonyang/Library/Java/Extensions:/Library/Java/Extensions:/Network/Library/Java/Extensions:/System/Library/Java/Extensions:/usr/lib/java:., surefire.test.class.path=/Users/jihoonyang/IdeaProjects/microservice/target/test-classes:/Users/jihoonyang/IdeaProjects/microservice/target/classes:/Users/jihoonyang/.m2/repository/org/springframework/boot/spring-boot-starter-web/1.5.18.RELEASE/spring-boot-starter-web-1.5.18.RELEASE.jar:/Users/jihoonyang/.m2/repository/org/springframework/boot/spring-boot-starter/1.5.18.RELEASE/spring-boot-starter-1.5.18.RELEASE.jar:/Users/jihoonyang/.m2/repository/org/springframework/boot/spring-boot/1.5.18.RELEASE/spring-boot-1.5.18.RELEASE.jar:/Users/jihoonyang/.m2/repository/org/springframework/boot/spring-boot-autoconfigure/1.5.18.RELEASE/spring-boot-autoconfigure-1.5.18.RELEASE.jar:/Users/jihoonyang/.m2/repository/org/springframework/boot/spring-boot-starter-logging/1.5.18.RELEASE/spring-boot-starter-logging-1.5.18.RELEASE.jar:/Users/jihoonyang/.m2/repository/ch/qos/logback/logback-classic/1.1.11/logback-classic-1.1.11.jar:/Users/jihoonyang/.m2/repository/ch/qos/logback/logback-core/1.1.11/logback-core-1.1.11.jar:/Users/jihoonyang/.m2/repository/org/slf4j/jcl-over-slf4j/1.7.25/jcl-over-slf4j-1.7.25.jar:/Users/jihoonyang/.m2/repository/org/slf4j/jul-to-slf4j/1.7.25/jul-to-slf4j-1.7.25.jar:/Users/jihoonyang/.m2/repository/org/slf4j/log4j-over-slf4j/1.7.25/log4j-over-slf4j-1.7.25.jar:/Users/jihoonyang/.m2/repository/org/yaml/snakeyaml/1.17/snakeyaml-1.17.jar:/Users/jihoonyang/.m2/repository/org/springframework/boot/spring-boot-starter-tomcat/1.5.18.RELEASE/spring-boot-starter-tomcat-1.5.18.RELEASE.jar:/Users/jihoonyang/.m2/repository/org/apache/tomcat/embed/tomcat-embed-core/8.5.35/tomcat-embed-core-8.5.35.jar:/Users/jihoonyang/.m2/repository/org/apache/tomcat/tomcat-annotations-api/8.5.35/tomcat-annotations-api-8.5.35.jar:/Users/jihoonyang/.m2/repository/org/apache/tomcat/embed/tomcat-embed-el/8.5.35/tomcat-embed-el-8.5.35.jar:/Users/jihoonyang/.m2/repository/org/apache/tomcat/embed/tomcat-embed-websocket/8.5.35/tomcat-embed-websocket-8.5.35.jar:/Users/jihoonyang/.m2/repository/org/hibernate/hibernate-validator/5.3.6.Final/hibernate-validator-5.3.6.Final.jar:/Users/jihoonyang/.m2/repository/javax/validation/validation-api/1.1.0.Final/validation-api-1.1.0.Final.jar:/Users/jihoonyang/.m2/repository/org/jboss/logging/jboss-logging/3.3.2.Final/jboss-logging-3.3.2.Final.jar:/Users/jihoonyang/.m2/repository/com/fasterxml/classmate/1.3.4/classmate-1.3.4.jar:/Users/jihoonyang/.m2/repository/com/fasterxml/jackson/core/jackson-databind/2.8.11.3/jackson-databind-2.8.11.3.jar:/Users/jihoonyang/.m2/repository/com/fasterxml/jackson/core/jackson-annotations/2.8.0/jackson-annotations-2.8.0.jar:/Users/jihoonyang/.m2/repository/com/fasterxml/jackson/core/jackson-core/2.8.11/jackson-core-2.8.11.jar:/Users/jihoonyang/.m2/repository/org/springframework/spring-web/4.3.21.RELEASE/spring-web-4.3.21.RELEASE.jar:/Users/jihoonyang/.m2/repository/org/springframework/spring-aop/4.3.21.RELEASE/spring-aop-4.3.21.RELEASE.jar:/Users/jihoonyang/.m2/repository/org/springframework/spring-beans/4.3.21.RELEASE/spring-beans-4.3.21.RELEASE.jar:/Users/jihoonyang/.m2/repository/org/springframework/spring-context/4.3.21.RELEASE/spring-context-4.3.21.RELEASE.jar:/Users/jihoonyang/.m2/repository/org/springframework/spring-webmvc/4.3.21.RELEASE/spring-webmvc-4.3.21.RELEASE.jar:/Users/jihoonyang/.m2/repository/org/springframework/spring-expression/4.3.21.RELEASE/spring-expression-4.3.21.RELEASE.jar:/Users/jihoonyang/.m2/repository/org/springframework/boot/spring-boot-starter-test/1.5.18.RELEASE/spring-boot-starter-test-1.5.18.RELEASE.jar:/Users/jihoonyang/.m2/repository/org/springframework/boot/spring-boot-test/1.5.18.RELEASE/spring-boot-test-1.5.18.RELEASE.jar:/Users/jihoonyang/.m2/repository/org/springframework/boot/spring-boot-test-autoconfigure/1.5.18.RELEASE/spring-boot-test-autoconfigure-1.5.18.RELEASE.jar:/Users/jihoonyang/.m2/repository/com/jayway/jsonpath/json-path/2.2.0/json-path-2.2.0.jar:/Users/jihoonyang/.m2/repository/net/minidev/json-smart/2.2.1/json-smart-2.2.1.jar:/Users/jihoonyang/.m2/repository/net/minidev/accessors-smart/1.1/accessors-smart-1.1.jar:/Users/jihoonyang/.m2/repository/org/ow2/asm/asm/5.0.3/asm-5.0.3.jar:/Users/jihoonyang/.m2/repository/org/slf4j/slf4j-api/1.7.25/slf4j-api-1.7.25.jar:/Users/jihoonyang/.m2/repository/junit/junit/4.12/junit-4.12.jar:/Users/jihoonyang/.m2/repository/org/assertj/assertj-core/2.6.0/assertj-core-2.6.0.jar:/Users/jihoonyang/.m2/repository/org/mockito/mockito-core/1.10.19/mockito-core-1.10.19.jar:/Users/jihoonyang/.m2/repository/org/objenesis/objenesis/2.1/objenesis-2.1.jar:/Users/jihoonyang/.m2/repository/org/hamcrest/hamcrest-core/1.3/hamcrest-core-1.3.jar:/Users/jihoonyang/.m2/repository/org/hamcrest/hamcrest-library/1.3/hamcrest-library-1.3.jar:/Users/jihoonyang/.m2/repository/org/skyscreamer/jsonassert/1.4.0/jsonassert-1.4.0.jar:/Users/jihoonyang/.m2/repository/com/vaadin/external/google/android-json/0.0.20131108.vaadin1/android-json-0.0.20131108.vaadin1.jar:/Users/jihoonyang/.m2/repository/org/springframework/spring-core/4.3.21.RELEASE/spring-core-4.3.21.RELEASE.jar:/Users/jihoonyang/.m2/repository/org/springframework/spring-test/4.3.21.RELEASE/spring-test-4.3.21.RELEASE.jar:/Users/jihoonyang/.m2/repository/org/projectlombok/lombok/1.16.22/lombok-1.16.22.jar:, java.specification.name=Java Platform API Specification, java.class.version=52.0, sun.management.compiler=HotSpot 64-Bit Tiered Compilers, idea.version2019.3.4=true, os.version=10.15.4, http.nonProxyHosts=local|*.local|169.254/16|*.169.254/16|127.0.0.1:16105|*.127.0.0.1:16105, user.home=/Users/jihoonyang, user.timezone=Asia/Seoul, java.awt.printerjob=sun.lwawt.macosx.CPrinterJob, file.encoding=UTF-8, java.specification.version=1.8, java.class.path=/Users/jihoonyang/IdeaProjects/microservice/target/test-classes:/Users/jihoonyang/IdeaProjects/microservice/target/classes:/Users/jihoonyang/.m2/repository/org/springframework/boot/spring-boot-starter-web/1.5.18.RELEASE/spring-boot-starter-web-1.5.18.RELEASE.jar:/Users/jihoonyang/.m2/repository/org/springframework/boot/spring-boot-starter/1.5.18.RELEASE/spring-boot-starter-1.5.18.RELEASE.jar:/Users/jihoonyang/.m2/repository/org/springframework/boot/spring-boot/1.5.18.RELEASE/spring-boot-1.5.18.RELEASE.jar:/Users/jihoonyang/.m2/repository/org/springframework/boot/spring-boot-autoconfigure/1.5.18.RELEASE/spring-boot-autoconfigure-1.5.18.RELEASE.jar:/Users/jihoonyang/.m2/repository/org/springframework/boot/spring-boot-starter-logging/1.5.18.RELEASE/spring-boot-starter-logging-1.5.18.RELEASE.jar:/Users/jihoonyang/.m2/repository/ch/qos/logback/logback-classic/1.1.11/logback-classic-1.1.11.jar:/Users/jihoonyang/.m2/repository/ch/qos/logback/logback-core/1.1.11/logback-core-1.1.11.jar:/Users/jihoonyang/.m2/repository/org/slf4j/jcl-over-slf4j/1.7.25/jcl-over-slf4j-1.7.25.jar:/Users/jihoonyang/.m2/repository/org/slf4j/jul-to-slf4j/1.7.25/jul-to-slf4j-1.7.25.jar:/Users/jihoonyang/.m2/repository/org/slf4j/log4j-over-slf4j/1.7.25/log4j-over-slf4j-1.7.25.jar:/Users/jihoonyang/.m2/repository/org/yaml/snakeyaml/1.17/snakeyaml-1.17.jar:/Users/jihoonyang/.m2/repository/org/springframework/boot/spring-boot-starter-tomcat/1.5.18.RELEASE/spring-boot-starter-tomcat-1.5.18.RELEASE.jar:/Users/jihoonyang/.m2/repository/org/apache/tomcat/embed/tomcat-embed-core/8.5.35/tomcat-embed-core-8.5.35.jar:/Users/jihoonyang/.m2/repository/org/apache/tomcat/tomcat-annotations-api/8.5.35/tomcat-annotations-api-8.5.35.jar:/Users/jihoonyang/.m2/repository/org/apache/tomcat/embed/tomcat-embed-el/8.5.35/tomcat-embed-el-8.5.35.jar:/Users/jihoonyang/.m2/repository/org/apache/tomcat/embed/tomcat-embed-websocket/8.5.35/tomcat-embed-websocket-8.5.35.jar:/Users/jihoonyang/.m2/re
[...]
1.5.18.RELEASE/spring-boot-1.5.18.RELEASE.jar:/Users/jihoonyang/.m2/repository/org/springframework/boot/spring-boot-autoconfigure/1.5.18.RELEASE/spring-boot-autoconfigure-1.5.18.RELEASE.jar:/Users/jihoonyang/.m2/repository/org/springframework/boot/spring-boot-starter-logging/1.5.18.RELEASE/spring-boot-starter-logging-1.5.18.RELEASE.jar:/Users/jihoonyang/.m2/repository/ch/qos/logback/logback-classic/1.1.11/logback-classic-1.1.11.jar:/Users/jihoonyang/.m2/repository/ch/qos/logback/logback-core/1.1.11/logback-core-1.1.11.jar:/Users/jihoonyang/.m2/repository/org/slf4j/jcl-over-slf4j/1.7.25/jcl-over-slf4j-1.7.25.jar:/Users/jihoonyang/.m2/repository/org/slf4j/jul-to-slf4j/1.7.25/jul-to-slf4j-1.7.25.jar:/Users/jihoonyang/.m2/repository/org/slf4j/log4j-over-slf4j/1.7.25/log4j-over-slf4j-1.7.25.jar:/Users/jihoonyang/.m2/repository/org/yaml/snakeyaml/1.17/snakeyaml-1.17.jar:/Users/jihoonyang/.m2/repository/org/springframework/boot/spring-boot-starter-tomcat/1.5.18.RELEASE/spring-boot-starter-tomcat-1.5.18.RELEASE.jar:/Users/jihoonyang/.m2/repository/org/apache/tomcat/embed/tomcat-embed-core/8.5.35/tomcat-embed-core-8.5.35.jar:/Users/jihoonyang/.m2/repository/org/apache/tomcat/tomcat-annotations-api/8.5.35/tomcat-annotations-api-8.5.35.jar:/Users/jihoonyang/.m2/repository/org/apache/tomcat/embed/tomcat-embed-el/8.5.35/tomcat-embed-el-8.5.35.jar:/Users/jihoonyang/.m2/repository/org/apache/tomcat/embed/tomcat-embed-websocket/8.5.35/tomcat-embed-websocket-8.5.35.jar:/Users/jihoonyang/.m2/repository/org/hibernate/hibernate-validator/5.3.6.Final/hibernate-validator-5.3.6.Final.jar:/Users/jihoonyang/.m2/repository/javax/validation/validation-api/1.1.0.Final/validation-api-1.1.0.Final.jar:/Users/jihoonyang/.m2/repository/org/jboss/logging/jboss-logging/3.3.2.Final/jboss-logging-3.3.2.Final.jar:/Users/jihoonyang/.m2/repository/com/fasterxml/classmate/1.3.4/classmate-1.3.4.jar:/Users/jihoonyang/.m2/repository/com/fasterxml/jackson/core/jackson-databind/2.8.11.3/jackson-databind-2.8.11.3.jar:/Users/jihoonyang/.m2/repository/com/fasterxml/jackson/core/jackson-annotations/2.8.0/jackson-annotations-2.8.0.jar:/Users/jihoonyang/.m2/repository/com/fasterxml/jackson/core/jackson-core/2.8.11/jackson-core-2.8.11.jar:/Users/jihoonyang/.m2/repository/org/springframework/spring-web/4.3.21.RELEASE/spring-web-4.3.21.RELEASE.jar:/Users/jihoonyang/.m2/repository/org/springframework/spring-aop/4.3.21.RELEASE/spring-aop-4.3.21.RELEASE.jar:/Users/jihoonyang/.m2/repository/org/springframework/spring-beans/4.3.21.RELEASE/spring-beans-4.3.21.RELEASE.jar:/Users/jihoonyang/.m2/repository/org/springframework/spring-context/4.3.21.RELEASE/spring-context-4.3.21.RELEASE.jar:/Users/jihoonyang/.m2/repository/org/springframework/spring-webmvc/4.3.21.RELEASE/spring-webmvc-4.3.21.RELEASE.jar:/Users/jihoonyang/.m2/repository/org/springframework/spring-expression/4.3.21.RELEASE/spring-expression-4.3.21.RELEASE.jar:/Users/jihoonyang/.m2/repository/org/springframework/boot/spring-boot-starter-test/1.5.18.RELEASE/spring-boot-starter-test-1.5.18.RELEASE.jar:/Users/jihoonyang/.m2/repository/org/springframework/boot/spring-boot-test/1.5.18.RELEASE/spring-boot-test-1.5.18.RELEASE.jar:/Users/jihoonyang/.m2/repository/org/springframework/boot/spring-boot-test-autoconfigure/1.5.18.RELEASE/spring-boot-test-autoconfigure-1.5.18.RELEASE.jar:/Users/jihoonyang/.m2/repository/com/jayway/jsonpath/json-path/2.2.0/json-path-2.2.0.jar:/Users/jihoonyang/.m2/repository/net/minidev/json-smart/2.2.1/json-smart-2.2.1.jar:/Users/jihoonyang/.m2/repository/net/minidev/accessors-smart/1.1/accessors-smart-1.1.jar:/Users/jihoonyang/.m2/repository/org/ow2/asm/asm/5.0.3/asm-5.0.3.jar:/Users/jihoonyang/.m2/repository/org/slf4j/slf4j-api/1.7.25/slf4j-api-1.7.25.jar:/Users/jihoonyang/.m2/repository/junit/junit/4.12/junit-4.12.jar:/Users/jihoonyang/.m2/repository/org/assertj/assertj-core/2.6.0/assertj-core-2.6.0.jar:/Users/jihoonyang/.m2/repository/org/mockito/mockito-core/1.10.19/mockito-core-1.10.19.jar:/Users/jihoonyang/.m2/repository/org/objenesis/objenesis/2.1/objenesis-2.1.jar:/Users/jihoonyang/.m2/repository/org/hamcrest/hamcrest-core/1.3/hamcrest-core-1.3.jar:/Users/jihoonyang/.m2/repository/org/hamcrest/hamcrest-library/1.3/hamcrest-library-1.3.jar:/Users/jihoonyang/.m2/repository/org/skyscreamer/jsonassert/1.4.0/jsonassert-1.4.0.jar:/Users/jihoonyang/.m2/repository/com/vaadin/external/google/android-json/0.0.20131108.vaadin1/android-json-0.0.20131108.vaadin1.jar:/Users/jihoonyang/.m2/repository/org/springframework/spring-core/4.3.21.RELEASE/spring-core-4.3.21.RELEASE.jar:/Users/jihoonyang/.m2/repository/org/springframework/spring-test/4.3.21.RELEASE/spring-test-4.3.21.RELEASE.jar:/Users/jihoonyang/.m2/repository/org/projectlombok/lombok/1.16.22/lombok-1.16.22.jar:, user.name=jihoonyang, java.vm.specification.version=1.8, sun.java.command=/Users/jihoonyang/IdeaProjects/microservice/target/surefire/surefirebooter1053366089389068871.jar /Users/jihoonyang/IdeaProjects/microservice/target/surefire/surefire8481382987469405729tmp /Users/jihoonyang/IdeaProjects/microservice/target/surefire/surefire_0204232858848739853tmp, java.home=/Library/Java/JavaVirtualMachines/jdk1.8.0_131.jdk/Contents/Home/jre, sun.arch.data.model=64, user.language=ko, java.specification.vendor=Oracle Corporation, user.language.format=ko-Kore, awt.toolkit=sun.lwawt.macosx.LWCToolkit, java.vm.info=mixed mode, java.version=1.8.0_131, java.ext.dirs=/Users/jihoonyang/Library/Java/Extensions:/Library/Java/JavaVirtualMachines/jdk1.8.0_131.jdk/Contents/Home/jre/lib/ext:/Library/Java/Extensions:/Network/Library/Java/Extensions:/System/Library/Java/Extensions:/usr/lib/java, sun.boot.class.path=/Library/Java/JavaVirtualMachines/jdk1.8.0_131.jdk/Contents/Home/jre/lib/resources.jar:/Library/Java/JavaVirtualMachines/jdk1.8.0_131.jdk/Contents/Home/jre/lib/rt.jar:/Library/Java/JavaVirtualMachines/jdk1.8.0_131.jdk/Contents/Home/jre/lib/sunrsasign.jar:/Library/Java/JavaVirtualMachines/jdk1.8.0_131.jdk/Contents/Home/jre/lib/jsse.jar:/Library/Java/JavaVirtualMachines/jdk1.8.0_131.jdk/Contents/Home/jre/lib/jce.jar:/Library/Java/JavaVirtualMachines/jdk1.8.0_131.jdk/Contents/Home/jre/lib/charsets.jar:/Library/Java/JavaVirtualMachines/jdk1.8.0_131.jdk/Contents/Home/jre/lib/jfr.jar:/Library/Java/JavaVirtualMachines/jdk1.8.0_131.jdk/Contents/Home/jre/classes, java.vendor=Oracle Corporation, localRepository=/Users/jihoonyang/.m2/repository, file.separator=/, java.vendor.url.bug=http://bugreport.sun.com/bugreport/, sun.io.unicode.encoding=UnicodeBig, sun.cpu.endian=little, socksNonProxyHosts=local|*.local|169.254/16|*.169.254/16|127.0.0.1:16105|*.127.0.0.1:16105, ftp.nonProxyHosts=local|*.local|169.254/16|*.169.254/16|127.0.0.1:16105|*.127.0.0.1:16105, sun.cpu.isalist=}}, SystemEnvironmentPropertySource@1888442711 {name='systemEnvironment', properties={PATH=/opt/local/bin:/opt/local/sbin:/usr/local/bin:/usr/bin:/bin:/usr/sbin:/sbin:/usr/local/mysql/bin:/Users/jihoonyang/Library/Android/sdk/platform-tools, SHELL=/bin/bash, OLDPWD=/Users/jihoonyang/IdeaProjects/microservice, USER=jihoonyang, TMPDIR=/var/folders/0_/vg0pzzx55tbf6347tns30l8r0000gn/T/, SSH_AUTH_SOCK=/private/tmp/com.apple.launchd.SPIu50cyPY/Listeners, XPC_FLAGS=0x0, VERSIONER_PYTHON_VERSION=2.7, __CF_USER_TEXT_ENCODING=0x1F5:0x3:0x33, JAVA_MAIN_CLASS_3831=org.codehaus.classworlds.Launcher, LOGNAME=jihoonyang, LC_CTYPE=ko_KR.UTF-8, XPC_SERVICE_NAME=0, PWD=/Users/jihoonyang/IdeaProjects/microservice, JAVA_MAIN_CLASS_3843=org.apache.maven.surefire.booter.ForkedBooter, HOME=/Users/jihoonyang, SHLVL=1, _=/Library/Java/JavaVirtualMachines/jdk1.8.0_131.jdk/Contents/Home/jre/bin/java}}]
10:45:21.384 [main] DEBUG org.springframework.core.env.MutablePropertySources - Adding PropertySource 'inline' with highest search precedence
10:45:21.391 [main] DEBUG org.springframework.test.context.support.TestPropertySourceUtils - Adding inlined properties to environment: {spring.jmx.enabled=false, org.springframework.boot.test.context.SpringBootTestContextBootstrapper=true, server.port=-1}
10:45:21.391 [main] DEBUG org.springframework.core.env.StandardEnvironment - Adding PropertySource 'Inlined Test Properties' with highest search precedence

  .   ____          _            __ _ _
 /\\ / ___'_ __ _ _(_)_ __  __ _ \ \ \ \
( ( )\___ | '_ | '_| | '_ \/ _` | \ \ \ \
 \\/  ___)| |_)| | | | | || (_| |  ) ) ) )
  '  |____| .__|_| |_|_| |_\__, | / / / /
 =========|_|==============|___/=/_/_/_/
 :: Spring Boot ::       (v1.5.18.RELEASE)

2020-04-09 10:45:22.095  INFO 3843 --- [           main] m.b.SocialMultiplicationApplicationTests : Starting SocialMultiplicationApplicationTests on jihoonyangui-MacBook-Pro.local with PID 3843 (started by jihoonyang in /Users/jihoonyang/IdeaProjects/microservice)
2020-04-09 10:45:22.097  INFO 3843 --- [           main] m.b.SocialMultiplicationApplicationTests : No active profile set, falling back to default profiles: default
2020-04-09 10:45:22.147  INFO 3843 --- [           main] o.s.w.c.s.GenericWebApplicationContext   : Refreshing org.springframework.web.context.support.GenericWebApplicationContext@10d307f1: startup date [Thu Apr 09 10:45:22 KST 2020]; root of context hierarchy
2020-04-09 10:45:23.782  WARN 3843 --- [           main] o.s.w.c.s.GenericWebApplicationContext   : Exception encountered during context initialization - cancelling refresh attempt: org.springframework.beans.factory.UnsatisfiedDependencyException: Error creating bean with name 'multiplicationServiceImpl' defined in file [/Users/jihoonyang/IdeaProjects/microservice/target/classes/microservices/book/multiplication/service/MultiplicationServiceImpl.class]: Unsatisfied dependency expressed through constructor parameter 0; nested exception is org.springframework.beans.factory.NoSuchBeanDefinitionException: No qualifying bean of type 'microservices.book.multiplication.service.RandomGeneratorService' available: expected at least 1 bean which qualifies as autowire candidate. Dependency annotations: {}
2020-04-09 10:45:23.801  INFO 3843 --- [           main] utoConfigurationReportLoggingInitializer : 

Error starting ApplicationContext. To display the auto-configuration report re-run your application with 'debug' enabled.
2020-04-09 10:45:23.981 ERROR 3843 --- [           main] o.s.b.d.LoggingFailureAnalysisReporter   : 

***************************
APPLICATION FAILED TO START
***************************

Description:

Parameter 0 of constructor in microservices.book.multiplication.service.MultiplicationServiceImpl required a bean of type 'microservices.book.multiplication.service.RandomGeneratorService' that could not be found.


Action:

Consider defining a bean of type 'microservices.book.multiplication.service.RandomGeneratorService' in your configuration.

2020-04-09 10:45:23.997 ERROR 3843 --- [           main] o.s.test.context.TestContextManager      : Caught exception while allowing TestExecutionListener [org.springframework.test.context.web.ServletTestExecutionListener@5ad851c9] to prepare test instance [microservices.book.SocialMultiplicationApplicationTests@62679465]

java.lang.IllegalStateException: Failed to load ApplicationContext
	at org.springframework.test.context.cache.DefaultCacheAwareContextLoaderDelegate.loadContext(DefaultCacheAwareContextLoaderDelegate.java:124) ~[spring-test-4.3.21.RELEASE.jar:4.3.21.RELEASE]
	at org.springframework.test.context.support.DefaultTestContext.getApplicationContext(DefaultTestContext.java:83) ~[spring-test-4.3.21.RELEASE.jar:4.3.21.RELEASE]
	at org.springframework.test.context.web.ServletTestExecutionListener.setUpRequestContextIfNecessary(ServletTestExecutionListener.java:189) ~[spring-test-4.3.21.RELEASE.jar:4.3.21.RELEASE]
	at org.springframework.test.context.web.ServletTestExecutionListener.prepareTestInstance(ServletTestExecutionListener.java:131) ~[spring-test-4.3.21.RELEASE.jar:4.3.21.RELEASE]
	at org.springframework.test.context.TestContextManager.prepareTestInstance(TestContextManager.java:230) ~[spring-test-4.3.21.RELEASE.jar:4.3.21.RELEASE]
	at org.springframework.test.context.junit4.SpringJUnit4ClassRunner.createTest(SpringJUnit4ClassRunner.java:228) [spring-test-4.3.21.RELEASE.jar:4.3.21.RELEASE]
	at org.springframework.test.context.junit4.SpringJUnit4ClassRunner$1.runReflectiveCall(SpringJUnit4ClassRunner.java:287) [spring-test-4.3.21.RELEASE.jar:4.3.21.RELEASE]
	at org.junit.internal.runners.model.ReflectiveCallable.run(ReflectiveCallable.java:12) [junit-4.12.jar:4.12]
	at org.springframework.test.context.junit4.SpringJUnit4ClassRunner.methodBlock(SpringJUnit4ClassRunner.java:289) [spring-test-4.3.21.RELEASE.jar:4.3.21.RELEASE]
	at org.springframework.test.context.junit4.SpringJUnit4ClassRunner.runChild(SpringJUnit4ClassRunner.java:247) [spring-test-4.3.21.RELEASE.jar:4.3.21.RELEASE]
	at org.springframework.test.context.junit4.SpringJUnit4ClassRunner.runChild(SpringJUnit4ClassRunner.java:94) [spring-test-4.3.21.RELEASE.jar:4.3.21.RELEASE]
	at org.junit.runners.ParentRunner$3.run(ParentRunner.java:290) [junit-4.12.jar:4.12]
	at org.junit.runners.ParentRunner$1.schedule(ParentRunner.java:71) [junit-4.12.jar:4.12]
	at org.junit.runners.ParentRunner.runChildren(ParentRunner.java:288) [junit-4.12.jar:4.12]
	at org.junit.runners.ParentRunner.access$000(ParentRunner.java:58) [junit-4.12.jar:4.12]
	at org.junit.runners.ParentRunner$2.evaluate(ParentRunner.java:268) [junit-4.12.jar:4.12]
	at org.springframework.test.context.junit4.statements.RunBeforeTestClassCallbacks.evaluate(RunBeforeTestClassCallbacks.java:61) [spring-test-4.3.21.RELEASE.jar:4.3.21.RELEASE]
	at org.springframework.test.context.junit4.statements.RunAfterTestClassCallbacks.evaluate(RunAfterTestClassCallbacks.java:70) [spring-test-4.3.21.RELEASE.jar:4.3.21.RELEASE]
	at org.junit.runners.ParentRunner.run(ParentRunner.java:363) [junit-4.12.jar:4.12]
	at org.springframework.test.context.junit4.SpringJUnit4ClassRunner.run(SpringJUnit4ClassRunner.java:191) [spring-test-4.3.21.RELEASE.jar:4.3.21.RELEASE]
	at org.apache.maven.surefire.junit4.JUnit4Provider.execute(JUnit4Provider.java:283) [surefire-junit4-2.18.1.jar:2.18.1]
	at org.apache.maven.surefire.junit4.JUnit4Provider.executeWithRerun(JUnit4Provider.java:173) [surefire-junit4-2.18.1.jar:2.18.1]
	at org.apache.maven.surefire.junit4.JUnit4Provider.executeTestSet(JUnit4Provider.java:153) [surefire-junit4-2.18.1.jar:2.18.1]
	at org.apache.maven.surefire.junit4.JUnit4Provider.invoke(JUnit4Provider.java:128) [surefire-junit4-2.18.1.jar:2.18.1]
	at org.apache.maven.surefire.booter.ForkedBooter.invokeProviderInSameClassLoader(ForkedBooter.java:203) [surefire-booter-2.18.1.jar:2.18.1]
	at org.apache.maven.surefire.booter.ForkedBooter.runSuitesInProcess(ForkedBooter.java:155) [surefire-booter-2.18.1.jar:2.18.1]
	at org.apache.maven.surefire.booter.ForkedBooter.main(ForkedBooter.java:103) [surefire-booter-2.18.1.jar:2.18.1]
Caused by: org.springframework.beans.factory.UnsatisfiedDependencyException: Error creating bean with name 'multiplicationServiceImpl' defined in file [/Users/jihoonyang/IdeaProjects/microservice/target/classes/microservices/book/multiplication/service/MultiplicationServiceImpl.class]: Unsatisfied dependency expressed through constructor parameter 0; nested exception is org.springframework.beans.factory.NoSuchBeanDefinitionException: No qualifying bean of type 'microservices.book.multiplication.service.RandomGeneratorService' available: expected at least 1 bean which qualifies as autowire candidate. Dependency annotations: {}
	at org.springframework.beans.factory.support.ConstructorResolver.createArgumentArray(ConstructorResolver.java:749) ~[spring-beans-4.3.21.RELEASE.jar:4.3.21.RELEASE]
	at org.springframework.beans.factory.support.ConstructorResolver.autowireConstructor(ConstructorResolver.java:189) ~[spring-beans-4.3.21.RELEASE.jar:4.3.21.RELEASE]
	at org.springframework.beans.factory.support.AbstractAutowireCapableBeanFactory.autowireConstructor(AbstractAutowireCapableBeanFactory.java:1198) ~[spring-beans-4.3.21.RELEASE.jar:4.3.21.RELEASE]
	at org.springframework.beans.factory.support.AbstractAutowireCapableBeanFactory.createBeanInstance(AbstractAutowireCapableBeanFactory.java:1100) ~[spring-beans-4.3.21.RELEASE.jar:4.3.21.RELEASE]
	at org.springframework.beans.factory.support.AbstractAutowireCapableBeanFactory.doCreateBean(AbstractAutowireCapableBeanFactory.java:511) ~[spring-beans-4.3.21.RELEASE.jar:4.3.21.RELEASE]
	at org.springframework.beans.factory.support.AbstractAutowireCapableBeanFactory.createBean(AbstractAutowireCapableBeanFactory.java:481) ~[spring-beans-4.3.21.RELEASE.jar:4.3.21.RELEASE]
	at org.springframework.beans.factory.support.AbstractBeanFactory$1.getObject(AbstractBeanFactory.java:312) ~[spring-beans-4.3.21.RELEASE.jar:4.3.21.RELEASE]
	at org.springframework.beans.factory.support.DefaultSingletonBeanRegistry.getSingleton(DefaultSingletonBeanRegistry.java:230) ~[spring-beans-4.3.21.RELEASE.jar:4.3.21.RELEASE]
	at org.springframework.beans.factory.support.AbstractBeanFactory.doGetBean(AbstractBeanFactory.java:308) ~[spring-beans-4.3.21.RELEASE.jar:4.3.21.RELEASE]
	at org.springframework.beans.factory.support.AbstractBeanFactory.getBean(AbstractBeanFactory.java:197) ~[spring-beans-4.3.21.RELEASE.jar:4.3.21.RELEASE]
	at org.springframework.beans.factory.support.DefaultListableBeanFactory.preInstantiateSingletons(DefaultListableBeanFactory.java:761) ~[spring-beans-4.3.21.RELEASE.jar:4.3.21.RELEASE]
	at org.springframework.context.support.AbstractApplicationContext.finishBeanFactoryInitialization(AbstractApplicationContext.java:867) ~[spring-context-4.3.21.RELEASE.jar:4.3.21.RELEASE]
	at org.springframework.context.support.AbstractApplicationContext.refresh(AbstractApplicationContext.java:543) ~[spring-context-4.3.21.RELEASE.jar:4.3.21.RELEASE]
	at org.springframework.boot.SpringApplication.refresh(SpringApplication.java:693) ~[spring-boot-1.5.18.RELEASE.jar:1.5.18.RELEASE]
	at org.springframework.boot.SpringApplication.refreshContext(SpringApplication.java:360) ~[spring-boot-1.5.18.RELEASE.jar:1.5.18.RELEASE]
	at org.springframework.boot.SpringApplication.run(SpringApplication.java:303) ~[spring-boot-1.5.18.RELEASE.jar:1.5.18.RELEASE]
	at org.springframework.boot.test.context.SpringBootContextLoader.loadContext(SpringBootContextLoader.java:121) ~[spring-boot-test-1.5.18.RELEASE.jar:1.5.18.RELEASE]
	at org.springframework.test.context.cache.DefaultCacheAwareContextLoaderDelegate.loadContextInternal(DefaultCacheAwareContextLoaderDelegate.java:98) ~[spring-test-4.3.21.RELEASE.jar:4.3.21.RELEASE]
	at org.springframework.test.context.cache.DefaultCacheAwareContextLoaderDelegate.loadContext(DefaultCacheAwareContextLoaderDelegate.java:116) ~[spring-test-4.3.21.RELEASE.jar:4.3.21.RELEASE]
	... 26 common frames omitted
Caused by: org.springframework.beans.factory.NoSuchBeanDefinitionException: No qualifying bean of type 'microservices.book.multiplication.service.RandomGeneratorService' available: expected at least 1 bean which qualifies as autowire candidate. Dependency annotations: {}
	at org.springframework.beans.factory.support.DefaultListableBeanFactory.raiseNoMatchingBeanFound(DefaultListableBeanFactory.java:1491) ~[spring-beans-4.3.21.RELEASE.jar:4.3.21.RELEASE]
	at org.springframework.beans.factory.support.DefaultListableBeanFactory.doResolveDependency(DefaultListableBeanFactory.java:1102) ~[spring-beans-4.3.21.RELEASE.jar:4.3.21.RELEASE]
	at org.springframework.beans.factory.support.DefaultListableBeanFactory.resolveDependency(DefaultListableBeanFactory.java:1064) ~[spring-beans-4.3.21.RELEASE.jar:4.3.21.RELEASE]
	at org.springframework.beans.factory.support.ConstructorResolver.resolveAutowiredArgument(ConstructorResolver.java:835) ~[spring-beans-4.3.21.RELEASE.jar:4.3.21.RELEASE]
	at org.springframework.beans.factory.support.ConstructorResolver.createArgumentArray(ConstructorResolver.java:741) ~[spring-beans-4.3.21.RELEASE.jar:4.3.21.RELEASE]
	... 44 common frames omitted

]]></system-out>
  </testcase>
</testsuite>